 next_reca =          513
           0           1
  next_reca =          514
   No gas phase: IJK_P_g remaining undefined.
    0    1  0.00000000E+00  0.00000000E+00  0.00000000E+00
    1    1  0.00000000E+00  0.00000000E+00  0.00000000E+00
    2    1  0.00000000E+00  0.00000000E+00  0.00000000E+00
    3    1  0.00000000E+00  0.00000000E+00  0.00000000E+00
    4    1  0.00000000E+00  0.00000000E+00  0.00000000E+00
    5    1  0.00000000E+00  0.00000000E+00  0.00000000E+00
    6    1  0.00000000E+00  0.00000000E+00  0.00000000E+00
    7    1  0.00000000E+00  0.00000000E+00  0.00000000E+00
    8    1  0.00000000E+00  0.00000000E+00  0.00000000E+00
    9    1  0.00000000E+00  0.00000000E+00  0.00000000E+00
   10    1  0.00000000E+00  0.00000000E+00  0.00000000E+00
   11    1  0.00000000E+00  0.00000000E+00  0.00000000E+00
   12    1  0.00000000E+00  0.00000000E+00  0.00000000E+00
   13    2  0.90684581E-13  0.00000000E+00  0.00000000E+00
   14    2  0.36273832E-12  0.00000000E+00  0.00000000E+00
   15    1  0.00000000E+00  0.00000000E+00  0.00000000E+00
   16    2  0.18136916E-12  0.00000000E+00  0.15419764E-16
   17    2  0.18136916E-12  0.00000000E+00  0.61679057E-16
   18    2  0.13602687E-12  0.00000000E+00  0.00000000E+00
   19    2  0.22671145E-12  0.00000000E+00  0.77098821E-16
   20    2  0.22671145E-12  0.00000000E+00  0.00000000E+00
   21    2  0.18136916E-12  0.00000000E+00  0.00000000E+00
   22    1  0.00000000E+00  0.00000000E+00  0.00000000E+00
   23    1  0.00000000E+00  0.00000000E+00  0.00000000E+00
   24    2  0.45342290E-13  0.00000000E+00  0.00000000E+00
   25    2  0.45342290E-13  0.00000000E+00  0.00000000E+00
   26    2  0.90684581E-13  0.00000000E+00  0.00000000E+00
   27    2  0.45342290E-13  0.00000000E+00  0.00000000E+00
   28    2  0.00000000E+00  0.00000000E+00  0.00000000E+00
   29    1  0.00000000E+00  0.00000000E+00  0.00000000E+00
   30    2  0.45342290E-13  0.00000000E+00  0.00000000E+00
   31    2  0.45342290E-13  0.00000000E+00  0.00000000E+00
   32    2  0.22671145E-13  0.00000000E+00  0.77098821E-17
   33    2  0.90684581E-13  0.00000000E+00  0.00000000E+00
   34    2  0.45342290E-13  0.00000000E+00  0.15419764E-16
   35    2  0.90684581E-13  0.00000000E+00  0.30839528E-16
   36    2  0.22671145E-13  0.00000000E+00  0.00000000E+00
   37    1  0.00000000E+00  0.00000000E+00  0.00000000E+00
   38    1  0.00000000E+00  0.00000000E+00  0.00000000E+00
   39    2  0.45342290E-13  0.00000000E+00  0.00000000E+00
   40    2  0.13602687E-12  0.00000000E+00  0.46259293E-16
   41    2  0.22671145E-13  0.00000000E+00  0.77098821E-17
   42    1  0.00000000E+00  0.00000000E+00  0.00000000E+00
   43    2  0.45342290E-13  0.00000000E+00  0.00000000E+00
   44    2  0.13602687E-12  0.00000000E+00  0.00000000E+00
   45    2  0.13602687E-12  0.00000000E+00  0.46259293E-16
   46    2  0.45342290E-13  0.00000000E+00  0.15419764E-16
   47    2  0.68013436E-13  0.00000000E+00  0.77098821E-17
   48    2  0.15869802E-12  0.00000000E+00  0.23129646E-16
   49    2  0.90684581E-13  0.00000000E+00  0.30839528E-16
   50    2  0.90684581E-13  0.00000000E+00  0.30839528E-16
   51    2  0.18136916E-12  0.00000000E+00  0.00000000E+00
   52    2  0.90684581E-13  0.00000000E+00  0.15419764E-16
   53    2  0.22671145E-12  0.00000000E+00  0.15419764E-16
   54    2  0.18136916E-12  0.00000000E+00  0.30839528E-16
   55    1  0.00000000E+00  0.00000000E+00  0.00000000E+00
   56    1  0.00000000E+00  0.00000000E+00  0.00000000E+00
   57    2  0.90684581E-13  0.00000000E+00  0.00000000E+00
   58    1  0.00000000E+00  0.00000000E+00  0.00000000E+00
   59    2  0.68013436E-13  0.00000000E+00  0.23129646E-16
   60    2  0.11335573E-13  0.00000000E+00  0.38549411E-17
   61    1  0.00000000E+00  0.00000000E+00  0.00000000E+00
   62    1  0.00000000E+00  0.00000000E+00  0.00000000E+00
   63    2  0.11335573E-12  0.00000000E+00  0.38549411E-16
   64    1  0.00000000E+00  0.00000000E+00  0.00000000E+00
   65    2  0.00000000E+00  0.00000000E+00  0.00000000E+00
   66    2  0.11335573E-12  0.00000000E+00  0.38549411E-16
   67    1  0.00000000E+00  0.00000000E+00  0.00000000E+00
   68    2  0.79349008E-13  0.00000000E+00  0.15419764E-16
   69    2  0.00000000E+00  0.00000000E+00  0.00000000E+00
   70    2  0.22671145E-12  0.00000000E+00  0.77098821E-16
   71    1  0.00000000E+00  0.00000000E+00  0.00000000E+00
   72    1  0.00000000E+00  0.00000000E+00  0.00000000E+00
   73    2  0.13602687E-12  0.00000000E+00  0.11564823E-16
   74    1  0.00000000E+00  0.00000000E+00  0.00000000E+00
   75    1  0.00000000E+00  0.00000000E+00  0.00000000E+00
   76    1  0.00000000E+00  0.00000000E+00  0.00000000E+00
   77    1  0.00000000E+00  0.00000000E+00  0.00000000E+00
   78    2  0.15869802E-12  0.00000000E+00  0.00000000E+00
   79    2  0.45342290E-13  0.00000000E+00  0.15419764E-16
   80    2  0.27205374E-12  0.00000000E+00  0.00000000E+00
   81    2  0.11335573E-12  0.00000000E+00  0.38549411E-16
   82    1  0.00000000E+00  0.00000000E+00  0.00000000E+00
   83    1  0.00000000E+00  0.00000000E+00  0.00000000E+00
   84    1  0.00000000E+00  0.00000000E+00  0.00000000E+00
   85    1  0.00000000E+00  0.00000000E+00  0.00000000E+00
   86    2  0.00000000E+00  0.00000000E+00  0.00000000E+00
   87    2  0.90684581E-13  0.00000000E+00  0.00000000E+00
   88    2  0.11335573E-12  0.00000000E+00  0.38549411E-16
   89    1  0.00000000E+00  0.00000000E+00  0.00000000E+00
   90    2  0.00000000E+00  0.00000000E+00  0.00000000E+00
   91    2  0.27205374E-12  0.00000000E+00  0.92518585E-16
   92    1  0.00000000E+00  0.00000000E+00  0.00000000E+00
   93    1  0.00000000E+00  0.00000000E+00  0.00000000E+00
   94    1  0.00000000E+00  0.00000000E+00  0.00000000E+00
   95    1  0.00000000E+00  0.00000000E+00  0.00000000E+00
   96    2  0.18136916E-12  0.00000000E+00  0.00000000E+00
   97    2  0.90684581E-13  0.00000000E+00  0.11564823E-16
   98    1  0.00000000E+00  0.00000000E+00  0.00000000E+00
   99    1  0.00000000E+00  0.00000000E+00  0.00000000E+00
  100    2  0.18136916E-12  0.00000000E+00  0.77098821E-17
  101    1  0.00000000E+00  0.00000000E+00  0.00000000E+00
  102    2  0.11335573E-12  0.00000000E+00  0.38549411E-16
  103    2  0.11335573E-12  0.00000000E+00  0.00000000E+00
  104    2  0.32873161E-12  0.00000000E+00  0.11179329E-15
  105    2  0.18136916E-12  0.00000000E+00  0.23129646E-16
  106    2  0.27205374E-12  0.00000000E+00  0.92518585E-16
  107    2  0.13602687E-12  0.00000000E+00  0.00000000E+00
  108    2  0.56677863E-14  0.00000000E+00  0.19274705E-17
  109    2  0.45342290E-13  0.00000000E+00  0.15419764E-16
  110    2  0.22671145E-12  0.00000000E+00  0.00000000E+00
  111    1  0.00000000E+00  0.00000000E+00  0.00000000E+00
  112    2  0.13602687E-12  0.00000000E+00  0.46259293E-16
  113    2  0.12469130E-12  0.00000000E+00  0.00000000E+00
  114    2  0.45342290E-13  0.00000000E+00  0.15419764E-16
  115    1  0.00000000E+00  0.00000000E+00  0.00000000E+00
  116    2  0.90684581E-13  0.00000000E+00  0.00000000E+00
  117    1  0.00000000E+00  0.00000000E+00  0.00000000E+00
  118    2  0.36273832E-12  0.00000000E+00  0.12335811E-15
  119    1  0.00000000E+00  0.00000000E+00  0.00000000E+00
  120    1  0.00000000E+00  0.00000000E+00  0.00000000E+00
  121    1  0.00000000E+00  0.00000000E+00  0.00000000E+00
  122    1  0.00000000E+00  0.00000000E+00  0.00000000E+00
  123    2  0.13602687E-12  0.00000000E+00  0.46259293E-16
  124    1  0.00000000E+00  0.00000000E+00  0.00000000E+00
  125    1  0.00000000E+00  0.00000000E+00  0.00000000E+00
  126    2  0.22671145E-12  0.00000000E+00  0.46259293E-16
  127    2  0.22671145E-13  0.00000000E+00  0.00000000E+00
  128    1  0.00000000E+00  0.00000000E+00  0.00000000E+00
  129    2  0.45342290E-13  0.00000000E+00  0.15419764E-16
  130    2  0.13602687E-12  0.00000000E+00  0.46259293E-16
  131    1  0.00000000E+00  0.00000000E+00  0.00000000E+00
  132    1  0.00000000E+00  0.00000000E+00  0.00000000E+00
  133    2  0.22671145E-13  0.00000000E+00  0.77098821E-17
  134    1  0.00000000E+00  0.00000000E+00  0.00000000E+00
  135    2  0.36273832E-12  0.00000000E+00  0.12335811E-15
  136    2  0.18136916E-12  0.00000000E+00  0.61679057E-16
  137    2  0.45342290E-13  0.00000000E+00  0.00000000E+00
  138    2  0.00000000E+00  0.00000000E+00  0.00000000E+00
  139    2  0.26071817E-12  0.00000000E+00  0.88663644E-16
  140    2  0.11335573E-12  0.00000000E+00  0.38549411E-16
  141    1  0.00000000E+00  0.00000000E+00  0.00000000E+00
  142    1  0.00000000E+00  0.00000000E+00  0.00000000E+00
  143    2  0.90684581E-13  0.00000000E+00  0.00000000E+00
  144    2  0.68013436E-13  0.00000000E+00  0.23129646E-16
  145    6  0.34958906E-10  0.00000000E+00  0.11888638E-13
  146    2  0.22671145E-13  0.00000000E+00  0.19274705E-17
  147    2  0.31739603E-12  0.00000000E+00  0.00000000E+00
  148    2  0.45342290E-13  0.00000000E+00  0.15419764E-16
  149    1  0.00000000E+00  0.00000000E+00  0.00000000E+00
  150    2  0.72547665E-12  0.00000000E+00  0.00000000E+00
  151    2  0.12469130E-12  0.00000000E+00  0.42404352E-16
  152    2  0.18136916E-12  0.00000000E+00  0.00000000E+00
  153    2  0.14509533E-11  0.00000000E+00  0.49343246E-15
  154    2  0.00000000E+00  0.00000000E+00  0.00000000E+00
  155    2  0.13602687E-12  0.00000000E+00  0.00000000E+00
  156    2  0.21764299E-11  0.00000000E+00  0.37007434E-15
  157    4  0.33435405E-08  0.00000000E+00  0.92518585E-16
  158    2  0.29019066E-11  0.00000000E+00  0.98686491E-15
  159    2  0.21764299E-11  0.00000000E+00  0.74014868E-15
  160   19  0.53730388E-08  0.00000000E+00  0.24671623E-15
  161    2  0.21764299E-11  0.00000000E+00  0.74014868E-15
  162    2  0.32646449E-11  0.00000000E+00  0.55511151E-15
  163    9  0.13546463E-08  0.00000000E+00  0.46068088E-12
  164    2  0.14509533E-11  0.00000000E+00  0.24671623E-15
  165    2  0.14509533E-11  0.00000000E+00  0.30839528E-15
  166    2  0.14509533E-11  0.00000000E+00  0.00000000E+00
  167    7  0.26334802E-09  0.00000000E+00  0.30839528E-16
  168    2  0.72547665E-12  0.00000000E+00  0.24671623E-15
  169    2  0.10882150E-11  0.00000000E+00  0.24671623E-15
  170    2  0.21764299E-11  0.00000000E+00  0.37007434E-15
  171   11  0.22426297E-08  0.00000000E+00  0.76266154E-12
  172    8  0.59264187E-08  0.00000000E+00  0.20154249E-11
  173    2  0.18136916E-11  0.00000000E+00  0.30839528E-15
  174   10  0.74578999E-09  0.00000000E+00  0.25362428E-12
  175    8  0.26289460E-08  0.00000000E+00  0.00000000E+00
  176   11  0.24074943E-08  0.00000000E+00  0.81872780E-12
  177   20  0.30976039E-08  0.00000000E+00  0.24671623E-15
  178    2  0.36273832E-11  0.00000000E+00  0.61679057E-15
  179   21  0.75384278E-08  0.00000000E+00  0.12335811E-15
  180   11  0.12071931E-08  0.00000000E+00  0.41053580E-12
  181    9  0.24207342E-08  0.00000000E+00  0.82323037E-12
  182   21  0.60314542E-08  0.00000000E+00  0.61679057E-16
  183   11  0.62390992E-09  0.00000000E+00  0.21217596E-12
  184   20  0.70017565E-08  0.00000000E+00  0.53784138E-13
  185   17  0.47183187E-08  0.00000000E+00  0.16045807E-11
  186   17  0.20793974E-08  0.00000000E+00  0.12335811E-15
  187   14  0.17498497E-08  0.00000000E+00  0.30839528E-16
  188   16  0.77963801E-08  0.00000000E+00  0.00000000E+00
  189   15  0.24909241E-08  0.00000000E+00  0.74471293E-12
  190   21  0.36132364E-08  0.00000000E+00  0.33718131E-01
  191   20  0.23298683E-08  0.00000000E+00  0.79350853E-01
  192   21  0.63562636E-08  0.00000000E+00  0.24671623E-15
  193   31  0.84284063E-08  0.00000000E+00  0.16597217E-11
  194   10  0.41228838E-08  0.00000000E+00  0.14020883E-11
  195   20  0.98138854E-08  0.00000000E+00  0.18185453E-11
  196   15  0.11629391E-08  0.00000000E+00  0.19453575E-12
  197   19  0.98323850E-08  0.00000000E+00  0.18440804E-11
  198   24  0.33240433E-08  0.00000000E+00  0.27314317E-01
  199   11  0.15836248E-08  0.00000000E+00  0.53855069E-12
  200   10  0.96708758E-08  0.00000000E+00  0.72919820E-01
  201   11  0.47054415E-08  0.00000000E+00  0.83543225E-02
  202   12  0.13105736E-08  0.00000000E+00  0.12653699E-01
  203   19  0.48975795E-08  0.00000000E+00  0.16948975E-01
  204   21  0.26033729E-08  0.00000000E+00  0.21238770E-01
  205   17  0.65407614E-08  0.00000000E+00  0.25521707E-01
  206    7  0.41745740E-08  0.00000000E+00  0.92518585E-16
  207    2  0.54410749E-12  0.00000000E+00  0.18503717E-15
  208   20  0.81374902E-08  0.00000000E+00  0.19053633E-01
  209    2  0.10882150E-11  0.00000000E+00  0.19054020E-01
  210    7  0.79353316E-08  0.00000000E+00  0.19054406E-01
  211   11  0.90147728E-08  0.00000000E+00  0.41206417E-01
  212   47  0.61139544E-08  0.00000000E+00  0.19055176E-01
  213   13  0.26094488E-08  0.00000000E+00  0.12170439E+00
  214   14  0.71499351E-08  0.00000000E+00  0.13927503E-01
  215   21  0.34513645E-08  0.00000000E+00  0.41522986E-02
  216   11  0.28474958E-08  0.00000000E+00  0.96836119E-12
  217   19  0.78549170E-08  0.00000000E+00  0.28105239E+00
  218   23  0.45564694E-08  0.00000000E+00  0.49112555E+00
  219   15  0.25826607E-08  0.00000000E+00  0.23983205E+00
  220   18  0.30472060E-08  0.00000000E+00  0.29322515E+00
  221   21  0.46402393E-08  0.00000000E+00  0.10793835E-15
  222   19  0.35116697E-08  0.00000000E+00  0.30296865E-03
  223   23  0.42427688E-08  0.00000000E+00  0.12763247E-11
  224   26  0.74590788E-08  0.00000000E+00  0.37817248E+00
  225   21  0.37978249E-08  0.00000000E+00  0.90618870E-12
  226   31  0.94339170E-08  0.00000000E+00  0.84661541E-01
  227   10  0.15111679E-08  0.00000000E+00  0.51390990E-12
  228   20  0.81442915E-08  0.00000000E+00  0.35348381E-01
  229   24  0.52160411E-08  0.00000000E+00  0.61679057E-16
  230   10  0.82136426E-09  0.00000000E+00  0.47071688E-01
  231   10  0.41714907E-09  0.00000000E+00  0.71469094E-01
  232   16  0.40358266E-08  0.00000000E+00  0.10280739E+00
  233   21  0.33794969E-08  0.00000000E+00  0.14569948E+00
  234   14  0.30913467E-08  0.00000000E+00  0.61679057E-16
  235   24  0.46079613E-08  0.00000000E+00  0.61679057E-16
  236   18  0.30966971E-08  0.00000000E+00  0.28143247E+00
  237   73  0.76823896E-08  0.00000000E+00  0.61679057E-16
  238   29  0.46918388E-08  0.00000000E+00  0.21094102E+00
  239   32  0.95851448E-08  0.00000000E+00  0.19089806E+00
  240   19  0.97528546E-08  0.00000000E+00  0.23835098E-01
  241   74  0.96334230E-08  0.00000000E+00  0.44556308E-01
  242   41  0.87485229E-08  0.00000000E+00  0.22588159E-03
  243   71  0.82110354E-08  0.00000000E+00  0.71692652E-12
  244   71  0.85903236E-08  0.00000000E+00  0.10270610E+00
  245   53  0.70176263E-08  0.00000000E+00  0.66258983E-02
  246  118  0.93933809E-08  0.00000000E+00  0.19470567E+00
  247   52  0.92442048E-08  0.00000000E+00  0.23257811E+00
  248   25  0.63121909E-08  0.00000000E+00  0.34596427E+00
  249   40  0.73180643E-08  0.00000000E+00  0.30057320E+00
  250   44  0.54876981E-08  0.00000000E+00  0.22591541E+00
  251   54  0.73105318E-08  0.00000000E+00  0.28783830E+00
  252  110  0.84557931E-08  0.00000000E+00  0.49737339E+00
  253   40  0.81943778E-08  0.00000000E+00  0.59972472E+00
  254   40  0.63738451E-08  0.00000000E+00  0.16415188E+00
  255   67  0.90074557E-08  0.00000000E+00  0.84206286E-01
  256   56  0.67329221E-08  0.00000000E+00  0.10234939E+00
  257   68  0.92488694E-08  0.00000000E+00  0.35042547E+00
  258   58  0.85208989E-08  0.00000000E+00  0.12271446E+00
  259   54  0.85182747E-08  0.00000000E+00  0.43936117E+00
  260   76  0.90305519E-08  0.00000000E+00  0.13439880E+00
  261   39  0.68965624E-08  0.00000000E+00  0.23416286E+00
  262   49  0.74643300E-08  0.00000000E+00  0.95955621E-01
  263   44  0.91532453E-08  0.00000000E+00  0.22100666E-01
  264   44  0.82929689E-08  0.00000000E+00  0.68614867E-12
  265   76  0.99462338E-08  0.00000000E+00  0.25939067E+00
  266   54  0.90397245E-08  0.00000000E+00  0.22219880E-13
  267   51  0.95507187E-08  0.00000000E+00  0.16093296E+00
  268  195  0.94141477E-08  0.00000000E+00  0.12509242E+00
  269   74  0.73241402E-08  0.00000000E+00  0.19054466E+00
  270   37  0.62159293E-08  0.00000000E+00  0.22242848E+00
  271   74  0.89085812E-08  0.00000000E+00  0.17702845E+00
  272  104  0.91039044E-08  0.00000000E+00  0.50311260E+00
  273  174  0.97593612E-08  0.00000000E+00  0.83188316E-01
  274  160  0.99269123E-08  0.00000000E+00  0.84260990E-01
  275  128  0.94671210E-08  0.00000000E+00  0.12754635E+00
  276   91  0.89766853E-08  0.00000000E+00  0.13985322E+00
  277  101  0.95260574E-08  0.00000000E+00  0.64701577E-01
  278  113  0.92459002E-08  0.00000000E+00  0.47697491E-01
  279   74  0.71182281E-08  0.00000000E+00  0.53525178E-01
  280   34  0.99163589E-08  0.00000000E+00  0.91437567E-01
  281  101  0.81987023E-08  0.00000000E+00  0.11119423E+00
  282   40  0.75346173E-08  0.00000000E+00  0.50878311E-01
  283   48  0.62288745E-08  0.00000000E+00  0.16903594E-01
  284   51  0.68406857E-08  0.00000000E+00  0.19217144E-01
  285  110  0.92420284E-08  0.00000000E+00  0.53264677E-01
  286   57  0.73246500E-08  0.00000000E+00  0.11971255E+00
  287  125  0.93416567E-08  0.00000000E+00  0.97431204E-01
  288   55  0.79302646E-08  0.00000000E+00  0.81108512E-01
  289   37  0.85197115E-08  0.00000000E+00  0.61784224E-01
  290   54  0.63908818E-08  0.00000000E+00  0.80914629E-01
  291   32  0.69775352E-08  0.00000000E+00  0.10015380E-01
  292   56  0.76628783E-08  0.00000000E+00  0.10075933E-01
  293   33  0.58793483E-08  0.00000000E+00  0.10136440E-01
  294   38  0.51207684E-08  0.00000000E+00  0.15955766E+00
  295  102  0.95022478E-08  0.00000000E+00  0.57427699E-02
  296   33  0.66902206E-08  0.00000000E+00  0.64664990E-02
  297   33  0.66367971E-08  0.00000000E+00  0.92309084E-01
  298   33  0.72207932E-08  0.00000000E+00  0.53722477E-01
  299   43  0.60468404E-08  0.00000000E+00  0.12229939E+00
  300  194  0.93633644E-08  0.00000000E+00  0.16707734E-01
  301   52  0.93685192E-08  0.00000000E+00  0.19652413E-01
  302   33  0.85060276E-08  0.00000000E+00  0.97610072E-01
  303   52  0.61939064E-08  0.00000000E+00  0.99257664E-01
  304   95  0.80646931E-08  0.00000000E+00  0.23916921E-01
  305   63  0.72947801E-08  0.00000000E+00  0.14430266E-02
  306  193  0.98169686E-08  0.00000000E+00  0.18729066E-01
  307  102  0.85580853E-08  0.00000000E+00  0.68895943E-02
  308  106  0.86541202E-08  0.00000000E+00  0.16046509E-01
  309  105  0.95640607E-08  0.00000000E+00  0.32989903E-01
  310  233  0.96651853E-08  0.00000000E+00  0.88291973E-03
  311  105  0.91036295E-08  0.00000000E+00  0.19802550E-03
  312   76  0.77204045E-08  0.00000000E+00  0.26309203E-01
  313   92  0.94985751E-08  0.00000000E+00  0.10458697E+00
  314   76  0.85599199E-08  0.00000000E+00  0.10935134E+00
  315  330  0.93758314E-08  0.00000000E+00  0.79681941E-01
  316   65  0.96975053E-08  0.00000000E+00  0.53703363E-01
  317  376  0.98624923E-08  0.00000000E+00  0.37725580E-01
  318   93  0.87366205E-08  0.00000000E+00  0.14227498E+00
  319   34  0.83528916E-08  0.00000000E+00  0.48604356E-01
  320  184  0.95967695E-08  0.00000000E+00  0.18332490E-01
  321  114  0.98743815E-08  0.00000000E+00  0.60759703E-01
  322   64  0.70831643E-08  0.00000000E+00  0.32499006E-01
  323   46  0.67661353E-08  0.00000000E+00  0.14536236E-02
  324  456  0.95713859E-08  0.00000000E+00  0.38559752E-02
  325   56  0.86333172E-08  0.00000000E+00  0.39186337E-01
  326   51  0.84810657E-08  0.00000000E+00  0.16790328E-01
  327   53  0.75882137E-08  0.00000000E+00  0.30343143E-01
  328   95  0.87216576E-08  0.00000000E+00  0.33754820E-01
  329   47  0.63315974E-08  0.00000000E+00  0.37750124E-01
  330  149  0.96129737E-08  0.00000000E+00  0.34573184E-02
  331   57  0.99770019E-08  0.00000000E+00  0.42468075E-02
  332   68  0.80400723E-08  0.00000000E+00  0.16142270E-01
  333  134  0.90937183E-08  0.00000000E+00  0.50944306E-01
  334   62  0.86095382E-08  0.00000000E+00  0.59840421E-01
  335   60  0.82943745E-08  0.00000000E+00  0.62092808E-01
  336   60  0.69479724E-08  0.00000000E+00  0.68355336E-01
  337  148  0.92253795E-08  0.00000000E+00  0.65866979E-01
  338  109  0.88315446E-08  0.00000000E+00  0.76353708E-02
  339  188  0.91208738E-08  0.00000000E+00  0.52891533E-01
  340   92  0.89183298E-08  0.00000000E+00  0.57734660E-01
  341  519  0.98828652E-08  0.00000000E+00  0.38562012E-03
  342  208  0.94114453E-08  0.00000000E+00  0.60475974E-02
  343  544  0.99626525E-08  0.00000000E+00  0.47661623E-02
  344  234  0.99846925E-08  0.00000000E+00  0.58121489E-02
  345  545  0.99106270E-08  0.00000000E+00  0.49457076E-02
  346  255  0.94952861E-08  0.00000000E+00  0.17627332E-01
  347  138  0.96996923E-08  0.00000000E+00  0.48329421E-01
  348   91  0.84987613E-08  0.00000000E+00  0.61372773E-01
  349  580  0.97974302E-08  0.00000000E+00  0.48723490E-01
  350  546  0.97332343E-08  0.00000000E+00  0.11977511E+00
  351  630  0.97054129E-08  0.00000000E+00  0.24194080E-01
  352  407  0.95298559E-08  0.00000000E+00  0.94852475E-01
  353  315  0.94557326E-08  0.00000000E+00  0.26892713E-02
  354  414  0.96215617E-08  0.00000000E+00  0.53555545E-01
  355  173  0.94341389E-08  0.00000000E+00  0.24084167E-01
  356  292  0.93461453E-08  0.00000000E+00  0.16530133E+00
  357  235  0.99262915E-08  0.00000000E+00  0.88163781E-01
  358  329  0.97144496E-08  0.00000000E+00  0.99201660E-01
  359  336  0.95037764E-08  0.00000000E+00  0.53972989E-01
  360   91  0.80463658E-08  0.00000000E+00  0.64240940E-01
  361  442  0.95613521E-08  0.00000000E+00  0.14661256E+00
  362  190  0.98513390E-08  0.00000000E+00  0.20457117E+00
  363  566  0.97121189E-08  0.00000000E+00  0.64828139E-01
  364  332  0.94505260E-08  0.00000000E+00  0.22801717E-01
  365  176  0.89639183E-08  0.00000000E+00  0.19135025E+00
  366 1001  0.16313504E+00  0.00000000E+00  0.11671647E+00
  367  291  0.93569144E-08  0.00000000E+00  0.34785031E-01
  368  614  0.98102948E-08  0.00000000E+00  0.59604067E-01
  369  205  0.93765476E-08  0.00000000E+00  0.94321825E-01
  370  189  0.91016226E-08  0.00000000E+00  0.13776400E+00
  371  268  0.94603969E-08  0.00000000E+00  0.41755624E-01
  372  165  0.87474152E-08  0.00000000E+00  0.41859382E-01
  373  120  0.87993866E-08  0.00000000E+00  0.88243998E-01
  374  179  0.91897096E-08  0.00000000E+00  0.12682648E+00
  375  480  0.96508217E-08  0.00000000E+00  0.61908567E-01
  376  357  0.95568321E-08  0.00000000E+00  0.16042252E-01
  377  204  0.90240110E-08  0.00000000E+00  0.45207476E-01
  378  192  0.99283421E-08  0.00000000E+00  0.60979196E-01
  379  187  0.97088726E-08  0.00000000E+00  0.99393351E-01
  380  159  0.87964996E-08  0.00000000E+00  0.84495534E-01
  381  210  0.97166630E-08  0.00000000E+00  0.50652210E-01
  382  163  0.94154187E-08  0.00000000E+00  0.19074189E-01
  383  125  0.90041004E-08  0.00000000E+00  0.27864257E-01
  384  142  0.92825181E-08  0.00000000E+00  0.39578803E-02
  385  185  0.94389465E-08  0.00000000E+00  0.38484510E-01
  386  149  0.99698277E-08  0.00000000E+00  0.31161485E-01
  387  139  0.93901973E-08  0.00000000E+00  0.13505864E-01
  388  147  0.92868444E-08  0.00000000E+00  0.61632747E-01
  389  139  0.95798889E-08  0.00000000E+00  0.65331763E-01
  390  221  0.97976448E-08  0.00000000E+00  0.45848642E-01
  391  123  0.88653133E-08  0.00000000E+00  0.56090316E-02
  392  191  0.95729469E-08  0.00000000E+00  0.27903018E-01
  393  180  0.90107813E-08  0.00000000E+00  0.23405344E-01
  394  173  0.97405187E-08  0.00000000E+00  0.87895101E-01
  395   72  0.85813776E-08  0.00000000E+00  0.55039593E-01
  396  128  0.90566177E-08  0.00000000E+00  0.31893947E-01
  397  165  0.93082039E-08  0.00000000E+00  0.60878136E-01
  398   80  0.93091044E-08  0.00000000E+00  0.27078049E-01
  399  173  0.97808434E-08  0.00000000E+00  0.84784577E-01
  400  151  0.91666564E-08  0.00000000E+00  0.59670924E-01
  401  201  0.90664350E-08  0.00000000E+00  0.17328943E-01
  402  131  0.84913060E-08  0.00000000E+00  0.64482028E-01
  403  164  0.89757331E-08  0.00000000E+00  0.64290702E-01
  404   84  0.99090110E-08  0.00000000E+00  0.44242334E-01
  405  249  0.96459912E-08  0.00000000E+00  0.10217034E+00
  406  141  0.91138457E-08  0.00000000E+00  0.21600189E-01
  407   94  0.86705069E-08  0.00000000E+00  0.14334913E+00
  408  114  0.95299066E-08  0.00000000E+00  0.20795579E-01
  409  111  0.99391920E-08  0.00000000E+00  0.62689302E-01
  410  139  0.85046122E-08  0.00000000E+00  0.14978064E-01
  411  141  0.96474698E-08  0.00000000E+00  0.91042297E-03
  412  123  0.98309881E-08  0.00000000E+00  0.36334930E-01
  413  149  0.93077294E-08  0.00000000E+00  0.50651263E-02
  414  116  0.96061567E-08  0.00000000E+00  0.32565897E-01
  415  135  0.85359171E-08  0.00000000E+00  0.46089647E-01
  416   82  0.84761972E-08  0.00000000E+00  0.74179367E-01
  417  135  0.98705841E-08  0.00000000E+00  0.74017593E-01
  418  118  0.86036543E-08  0.00000000E+00  0.62273814E-01
  419   83  0.88037454E-08  0.00000000E+00  0.89461113E-01
  420  116  0.95546603E-08  0.00000000E+00  0.87928633E-01
  421  103  0.93576552E-08  0.00000000E+00  0.43997918E-01
  422  100  0.83922310E-08  0.00000000E+00  0.25574273E-01
  423  129  0.91253577E-08  0.00000000E+00  0.21504140E+00
  424  149  0.95253749E-08  0.00000000E+00  0.20020656E+00
  425  117  0.82249928E-08  0.00000000E+00  0.73840585E-01
  426  269  0.93553331E-08  0.00000000E+00  0.54776583E-01
  427  322  0.96413197E-08  0.00000000E+00  0.52295679E-01
  428  264  0.96879018E-08  0.00000000E+00  0.18738983E-01
  429  357  0.99150192E-08  0.00000000E+00  0.15904840E+00
  430  153  0.88658336E-08  0.00000000E+00  0.81063165E-01
  431  640  0.99064630E-08  0.00000000E+00  0.13887096E+00
  432  282  0.92868379E-08  0.00000000E+00  0.42819481E-01
  433  672  0.98273747E-08  0.00000000E+00  0.23188424E-01
  434  174  0.98623220E-08  0.00000000E+00  0.26090003E-01
  435  467  0.98430348E-08  0.00000000E+00  0.35126285E-01
  436  409  0.98512927E-08  0.00000000E+00  0.47331523E-01
  437  540  0.96486297E-08  0.00000000E+00  0.27798650E-01
  438  508  0.97143732E-08  0.00000000E+00  0.22773310E-01
  439  636  0.98291855E-08  0.00000000E+00  0.25092341E-01
  440  779  0.97263691E-08  0.00000000E+00  0.64482258E-01
  441  820  0.99519668E-08  0.00000000E+00  0.39819598E-01
  442  640  0.97693436E-08  0.00000000E+00  0.45030216E-01
  443  618  0.99748335E-08  0.00000000E+00  0.35516180E-01
  444  472  0.97347460E-08  0.00000000E+00  0.22274873E-01
  445  600  0.99866756E-08  0.00000000E+00  0.33162445E-01
  446  324  0.95964804E-08  0.00000000E+00  0.25625257E-01
  447  657  0.98593183E-08  0.00000000E+00  0.20603491E-01
  448  468  0.97695112E-08  0.00000000E+00  0.22348481E-01
  449  230  0.95768614E-08  0.00000000E+00  0.14104999E+00
  450  140  0.93322993E-08  0.00000000E+00  0.76410470E-01
  451  847  0.98090079E-08  0.00000000E+00  0.22615317E-01
  452  332  0.98086256E-08  0.00000000E+00  0.60505946E-01
  453  532  0.99986846E-08  0.00000000E+00  0.80905981E-02
  454  575  0.98064980E-08  0.00000000E+00  0.31160367E-01
  455  502  0.97226590E-08  0.00000000E+00  0.69853257E-01
  456  654  0.97179660E-08  0.00000000E+00  0.39551679E-01
  457  534  0.99324568E-08  0.00000000E+00  0.38254482E-01
  458  503  0.97007155E-08  0.00000000E+00  0.24176985E-01
  459  527  0.99926655E-08  0.00000000E+00  0.18561384E-01
  460  543  0.98931686E-08  0.00000000E+00  0.10228407E-01
  461  571  0.98651539E-08  0.00000000E+00  0.37508912E-01
  462  500  0.96748522E-08  0.00000000E+00  0.18503725E-01
  463  450  0.99086666E-08  0.00000000E+00  0.38607274E-01
  464  492  0.96185644E-08  0.00000000E+00  0.37080498E-01
  465  498  0.96570941E-08  0.00000000E+00  0.26653470E-01
  466  320  0.99307823E-08  0.00000000E+00  0.45160228E-01
  467  405  0.99864830E-08  0.00000000E+00  0.55825481E-01
  468  408  0.99909923E-08  0.00000000E+00  0.46958929E-01
  469  305  0.97448290E-08  0.00000000E+00  0.33162159E-01
  470  418  0.97071337E-08  0.00000000E+00  0.94076162E-02
  471  270  0.96016653E-08  0.00000000E+00  0.15597783E-01
  472  300  0.98562532E-08  0.00000000E+00  0.20066350E-01
  473  455  0.98264815E-08  0.00000000E+00  0.43995463E-01
  474  360  0.99527098E-08  0.00000000E+00  0.57472412E-01
  475  456  0.98209723E-08  0.00000000E+00  0.52736535E-01
  476  240  0.96802798E-08  0.00000000E+00  0.80950626E-01
  477  375  0.98470527E-08  0.00000000E+00  0.60479184E-01
  478  332  0.95844919E-08  0.00000000E+00  0.33948077E-01
  479  488  0.98069867E-08  0.00000000E+00  0.86312794E-01
  480  262  0.94899041E-08  0.00000000E+00  0.37095856E-01
  481  259  0.91999121E-08  0.00000000E+00  0.61070264E-01
  482  469  0.96002828E-08  0.00000000E+00  0.24784321E-01
  483  214  0.98121577E-08  0.00000000E+00  0.22041005E-01
  484  253  0.94625444E-08  0.00000000E+00  0.31568069E-01
  485  321  0.97049346E-08  0.00000000E+00  0.27691468E-01
  486  390  0.97515261E-08  0.00000000E+00  0.10014783E+00
  487  397  0.94567057E-08  0.00000000E+00  0.29707378E-01
  488  347  0.98408187E-08  0.00000000E+00  0.47090100E-01
  489  320  0.95729218E-08  0.00000000E+00  0.44114830E-01
  490  460  0.99725437E-08  0.00000000E+00  0.29000828E-01
  491  409  0.97914437E-08  0.00000000E+00  0.69991180E-02
  492  389  0.96608724E-08  0.00000000E+00  0.16002847E-01
  493  419  0.96526694E-08  0.00000000E+00  0.23041381E-01
  494  412  0.99416126E-08  0.00000000E+00  0.14645228E-01
  495  447  0.97713633E-08  0.00000000E+00  0.12057989E-01
  496  432  0.97246802E-08  0.00000000E+00  0.81065459E-02
  497  351  0.96234629E-08  0.00000000E+00  0.13045626E-01
  498  434  0.95448786E-08  0.00000000E+00  0.21646757E-01
  499 1001  0.13474784E-05  0.00000000E+00  0.77702288E-02
  500  416  0.99696840E-08  0.00000000E+00  0.90916026E-02
  501  401  0.98680918E-08  0.00000000E+00  0.18029358E-01
  502  440  0.97659857E-08  0.00000000E+00  0.61503006E-02
  503 1001  0.13314137E-02  0.00000000E+00  0.29640127E-01
  504  520  0.99348404E-08  0.00000000E+00  0.25556258E-01
  505 1001  0.28617610E-05  0.00000000E+00  0.23963566E-01
  506  674  0.97621181E-08  0.00000000E+00  0.11867255E-01
  507  267  0.94892472E-08  0.00000000E+00  0.50082711E-01
  508  322  0.99300613E-08  0.00000000E+00  0.27359364E-01
  509  320  0.98242868E-08  0.00000000E+00  0.39744528E-01
  510  348  0.98248236E-08  0.00000000E+00  0.42476384E-01
  511  328  0.94711513E-08  0.00000000E+00  0.67074176E-01
  512  322  0.94493718E-08  0.00000000E+00  0.79425766E-01
  513  210  0.99172158E-08  0.00000000E+00  0.67696343E-01
  514  249  0.91673234E-08  0.00000000E+00  0.78019736E-01
  515  289  0.96048670E-08  0.00000000E+00  0.49460546E-01
  516  310  0.95742672E-08  0.00000000E+00  0.32736334E-01
  517  207  0.97593238E-08  0.00000000E+00  0.27902349E-01
  518  292  0.93971557E-08  0.00000000E+00  0.32142026E-01
  519  312  0.94651767E-08  0.00000000E+00  0.39753693E-01
  520  310  0.99593555E-08  0.00000000E+00  0.67989726E-01
  521  199  0.94387030E-08  0.00000000E+00  0.93875462E-01
  522  199  0.97843169E-08  0.00000000E+00  0.23043208E-01
  523  284  0.94871755E-08  0.00000000E+00  0.55813062E-01
  524  236  0.91772511E-08  0.00000000E+00  0.30506438E-01
  525  256  0.97985520E-08  0.00000000E+00  0.23739553E-01
  526  279  0.99730235E-08  0.00000000E+00  0.20275043E-01
  527  306  0.95222519E-08  0.00000000E+00  0.26477184E-01
  528  317  0.94205407E-08  0.00000000E+00  0.25827349E-01
  529  333  0.94676120E-08  0.00000000E+00  0.16059858E-01
  530  441  0.95522773E-08  0.00000000E+00  0.13575338E-01
  531  315  0.97916201E-08  0.00000000E+00  0.18007829E-01
  532  348  0.95968006E-08  0.00000000E+00  0.16217846E-01
  533  457  0.99546657E-08  0.00000000E+00  0.11210613E-01
  534  429  0.97261815E-08  0.00000000E+00  0.83261067E-02
  535  594  0.98759567E-08  0.00000000E+00  0.12814861E-01
  536  529  0.96376399E-08  0.00000000E+00  0.21440609E-01
  537  367  0.97181547E-08  0.00000000E+00  0.52021512E-01
  538  553  0.99715625E-08  0.00000000E+00  0.31763620E-01
  539  543  0.97355310E-08  0.00000000E+00  0.32788902E-01
  540  330  0.97577343E-08  0.00000000E+00  0.32227177E-01
  541  562  0.99487432E-08  0.00000000E+00  0.21792107E-01
  542  391  0.98751747E-08  0.00000000E+00  0.18211606E-01
  543  356  0.95008974E-08  0.00000000E+00  0.48432645E-01
  544  378  0.99842115E-08  0.00000000E+00  0.22930835E-01
  545  353  0.97998418E-08  0.00000000E+00  0.16546815E-01
  546  385  0.96818333E-08  0.00000000E+00  0.76376648E-01
  547  461  0.96837055E-08  0.00000000E+00  0.48903739E-01
  548  349  0.94908683E-08  0.00000000E+00  0.33887576E-01
  549  366  0.98012620E-08  0.00000000E+00  0.44930727E-01
  550  380  0.96366211E-08  0.00000000E+00  0.99084722E-02
  551  358  0.95363407E-08  0.00000000E+00  0.31965857E-01
  552  909  0.99979750E-08  0.00000000E+00  0.20618479E-01
  553  279  0.93146526E-08  0.00000000E+00  0.90851893E-02
  554  344  0.96240461E-08  0.00000000E+00  0.51424200E-02
  555  422  0.95757511E-08  0.00000000E+00  0.56173556E-02
  556  398  0.99109318E-08  0.00000000E+00  0.40262263E-01
  557  308  0.98216176E-08  0.00000000E+00  0.15102811E-01
  558  593  0.97563658E-08  0.00000000E+00  0.20143686E-01
  559  324  0.93560701E-08  0.00000000E+00  0.53030030E-01
  560  504  0.98824826E-08  0.00000000E+00  0.12477318E-01
  561  398  0.95878710E-08  0.00000000E+00  0.55237039E-01
  562  360  0.95752916E-08  0.00000000E+00  0.38654918E-01
  563  447  0.94732664E-08  0.00000000E+00  0.24304040E-01
  564  320  0.99524572E-08  0.00000000E+00  0.27347399E-01
  565  409  0.96207861E-08  0.00000000E+00  0.62203259E-01
  566  301  0.97035881E-08  0.00000000E+00  0.20413927E-01
  567  780  0.98085229E-08  0.00000000E+00  0.35232943E-01
  568  333  0.94717767E-08  0.00000000E+00  0.94873165E-02
  569  478  0.98240871E-08  0.00000000E+00  0.65741211E-02
  570  406  0.98603011E-08  0.00000000E+00  0.50438904E-01
  571  487  0.97377249E-08  0.00000000E+00  0.32971946E-01
  572  310  0.94690145E-08  0.00000000E+00  0.24323692E-01
  573  406  0.99824216E-08  0.00000000E+00  0.89738113E-02
  574  397  0.97310530E-08  0.00000000E+00  0.39717919E-01
  575  452  0.98892246E-08  0.00000000E+00  0.11463434E-01
  576  406  0.98191512E-08  0.00000000E+00  0.21749226E-01
  577  400  0.97121221E-08  0.00000000E+00  0.85892852E-02
  578  244  0.98366768E-08  0.00000000E+00  0.13678224E-01
  579  483  0.97245712E-08  0.00000000E+00  0.26587742E-01
  580  783  0.99941169E-08  0.00000000E+00  0.23729719E-01
  581  559  0.97051671E-08  0.00000000E+00  0.23802175E-01
  582  404  0.98986457E-08  0.00000000E+00  0.45206440E-01
  583  344  0.99461276E-08  0.00000000E+00  0.25224232E-01
  584  244  0.98752650E-08  0.00000000E+00  0.28745286E-01
  585  310  0.97707905E-08  0.00000000E+00  0.25725966E-01
  586  428  0.99460751E-08  0.00000000E+00  0.37007978E-01
  587  295  0.96765473E-08  0.00000000E+00  0.38097943E-01
  588  287  0.98654590E-08  0.00000000E+00  0.48235760E-01
  589 1001  0.30869623E-04  0.00000000E+00  0.55256524E-01
  590  293  0.94042814E-08  0.00000000E+00  0.21512810E-01
  591  586  0.97436820E-08  0.00000000E+00  0.20872141E-01
  592  765  0.98967048E-08  0.00000000E+00  0.67160767E-01
  593  481  0.96327372E-08  0.00000000E+00  0.19298150E-01
  594 1001  0.15866646E-06  0.00000000E+00  0.34954671E-01
  595  935  0.97876939E-08  0.00000000E+00  0.24032920E-01
  596  940  0.98313656E-08  0.00000000E+00  0.15971697E-01
  597  800  0.99281106E-08  0.00000000E+00  0.24913637E-01
  598  958  0.98044988E-08  0.00000000E+00  0.14867425E-01
  599  541  0.96529181E-08  0.00000000E+00  0.14481525E-01
  600  974  0.99513232E-08  0.00000000E+00  0.15879408E-01
  601 1001  0.11429972E-07  0.00000000E+00  0.10127299E+00
  602  651  0.98968582E-08  0.00000000E+00  0.35123117E-01
  603 1001  0.31991927E-07  0.00000000E+00  0.33899426E-01
  604 1001  0.32005580E-06  0.00000000E+00  0.17137984E-01
  605  795  0.98297993E-08  0.00000000E+00  0.17250506E-01
  606 1001  0.52913139E-07  0.00000000E+00  0.39369048E-01
  607 1001  0.20775028E-05  0.00000000E+00  0.13173303E-01
  608  763  0.97883360E-08  0.00000000E+00  0.24349639E-01
  609 1001  0.25353415E-05  0.00000000E+00  0.11494956E-01
  610 1001  0.26354118E-05  0.00000000E+00  0.35832989E-01
  611 1001  0.78799775E-05  0.00000000E+00  0.28399148E-01
  612  777  0.97348826E-08  0.00000000E+00  0.31156971E-01
  613 1001  0.28785084E-07  0.00000000E+00  0.11283848E-01
  614  940  0.97837358E-08  0.00000000E+00  0.45565424E-01
  615  971  0.98698838E-08  0.00000000E+00  0.14785870E-01
  616  913  0.98127487E-08  0.00000000E+00  0.13485087E-01
  617  697  0.99843987E-08  0.00000000E+00  0.24948468E-01
  618  996  0.97967958E-08  0.00000000E+00  0.49912227E-01
  619  933  0.99545193E-08  0.00000000E+00  0.11800445E-01
  620  807  0.99946901E-08  0.00000000E+00  0.13717771E-01
  621  752  0.97639697E-08  0.00000000E+00  0.13767096E-01
  622  757  0.98360334E-08  0.00000000E+00  0.14961049E-01
  623  808  0.98275245E-08  0.00000000E+00  0.22891244E-01
  624  752  0.99185002E-08  0.00000000E+00  0.17061974E-01
  625  704  0.98617311E-08  0.00000000E+00  0.18631126E-01
  626  411  0.96361041E-08  0.00000000E+00  0.24690379E-01
  627  633  0.98757946E-08  0.00000000E+00  0.27059651E-01
  628  495  0.97534474E-08  0.00000000E+00  0.37377401E-01
srun: Job step aborted: Waiting up to 32 seconds for job step to finish.
slurmstepd: error: *** STEP 1328757.0 ON muse051 CANCELLED AT 2020-04-06T16:04:19 DUE TO TIME LIMIT ***
slurmstepd: error: *** JOB 1328757 ON muse051 CANCELLED AT 2020-04-06T16:04:19 DUE TO TIME LIMIT ***
forrtl: error (78): process killed (SIGTERM)
Image              PC                Routine            Line        Source             

Stack trace terminated abnormally.
