 next_reca =          513
           0           1
  next_reca =          514
   No gas phase: IJK_P_g remaining undefined.
    0    1  0.00000000E+00  0.00000000E+00  0.00000000E+00
    0    1  0.00000000E+00  0.00000000E+00  0.00000000E+00
    0    1  0.00000000E+00  0.00000000E+00  0.00000000E+00
    0    1  0.00000000E+00  0.00000000E+00  0.00000000E+00
    1    1  0.00000000E+00  0.00000000E+00  0.00000000E+00
    1    1  0.00000000E+00  0.00000000E+00  0.00000000E+00
    1    1  0.00000000E+00  0.00000000E+00  0.00000000E+00
    1    1  0.00000000E+00  0.00000000E+00  0.00000000E+00
    2    1  0.00000000E+00  0.00000000E+00  0.00000000E+00
    2    1  0.00000000E+00  0.00000000E+00  0.00000000E+00
    2    1  0.00000000E+00  0.00000000E+00  0.00000000E+00
    2    1  0.00000000E+00  0.00000000E+00  0.00000000E+00
    3    1  0.00000000E+00  0.00000000E+00  0.00000000E+00
    3    1  0.00000000E+00  0.00000000E+00  0.00000000E+00
    3    1  0.00000000E+00  0.00000000E+00  0.00000000E+00
    3    1  0.00000000E+00  0.00000000E+00  0.00000000E+00
    4    1  0.00000000E+00  0.00000000E+00  0.00000000E+00
    4    1  0.00000000E+00  0.00000000E+00  0.00000000E+00
    4    1  0.00000000E+00  0.00000000E+00  0.00000000E+00
    4    1  0.00000000E+00  0.00000000E+00  0.00000000E+00
    5    1  0.00000000E+00  0.00000000E+00  0.00000000E+00
    5    1  0.00000000E+00  0.00000000E+00  0.00000000E+00
    5    1  0.00000000E+00  0.00000000E+00  0.00000000E+00
    5    1  0.00000000E+00  0.00000000E+00  0.00000000E+00
    6    1  0.00000000E+00  0.00000000E+00  0.00000000E+00
    6    1  0.00000000E+00  0.00000000E+00  0.00000000E+00
    6    1  0.00000000E+00  0.00000000E+00  0.00000000E+00
    6    1  0.00000000E+00  0.00000000E+00  0.00000000E+00
    7    1  0.00000000E+00  0.00000000E+00  0.00000000E+00
    7    1  0.00000000E+00  0.00000000E+00  0.00000000E+00
    7    1  0.00000000E+00  0.00000000E+00  0.00000000E+00
    7    1  0.00000000E+00  0.00000000E+00  0.00000000E+00
    8    1  0.00000000E+00  0.00000000E+00  0.00000000E+00
    8    1  0.00000000E+00  0.00000000E+00  0.00000000E+00
    8    1  0.00000000E+00  0.00000000E+00  0.00000000E+00
    8    1  0.00000000E+00  0.00000000E+00  0.00000000E+00
    9    1  0.00000000E+00  0.00000000E+00  0.00000000E+00
    9    1  0.00000000E+00  0.00000000E+00  0.00000000E+00
    9    1  0.00000000E+00  0.00000000E+00  0.00000000E+00
    9    1  0.00000000E+00  0.00000000E+00  0.00000000E+00
   10    1  0.00000000E+00  0.00000000E+00  0.00000000E+00
   10    1  0.00000000E+00  0.00000000E+00  0.00000000E+00
   10    1  0.00000000E+00  0.00000000E+00  0.00000000E+00
   10    1  0.00000000E+00  0.00000000E+00  0.00000000E+00
   11    1  0.00000000E+00  0.00000000E+00  0.00000000E+00
   11    1  0.00000000E+00  0.00000000E+00  0.00000000E+00
   11    1  0.00000000E+00  0.00000000E+00  0.00000000E+00
   11    1  0.00000000E+00  0.00000000E+00  0.00000000E+00
   12    1  0.00000000E+00  0.00000000E+00  0.00000000E+00
   12    1  0.00000000E+00  0.00000000E+00  0.00000000E+00
   12    1  0.00000000E+00  0.00000000E+00  0.00000000E+00
   12    1  0.00000000E+00  0.00000000E+00  0.00000000E+00
   13    2  0.90684581E-13  0.00000000E+00  0.00000000E+00
   13    2  0.90684581E-13  0.00000000E+00  0.00000000E+00
   13    2  0.90684581E-13  0.00000000E+00  0.00000000E+00
   13    2  0.90684581E-13  0.00000000E+00  0.00000000E+00
   14    2  0.36273832E-12  0.00000000E+00  0.00000000E+00
   14    2  0.36273832E-12  0.00000000E+00  0.00000000E+00
   14    2  0.36273832E-12  0.00000000E+00  0.00000000E+00
   14    2  0.36273832E-12  0.00000000E+00  0.00000000E+00
   15    1  0.00000000E+00  0.00000000E+00  0.00000000E+00
   15    1  0.00000000E+00  0.00000000E+00  0.00000000E+00
   15    1  0.00000000E+00  0.00000000E+00  0.00000000E+00
   15    1  0.00000000E+00  0.00000000E+00  0.00000000E+00
   16    2  0.18136916E-12  0.00000000E+00  0.15419764E-16
   16    2  0.18136916E-12  0.00000000E+00  0.15419764E-16
   16    2  0.18136916E-12  0.00000000E+00  0.15419764E-16
   16    2  0.18136916E-12  0.00000000E+00  0.15419764E-16
   17    2  0.18136916E-12  0.00000000E+00  0.61679057E-16
   17    2  0.18136916E-12  0.00000000E+00  0.61679057E-16
   17    2  0.18136916E-12  0.00000000E+00  0.61679057E-16
   17    2  0.18136916E-12  0.00000000E+00  0.61679057E-16
   18    2  0.13602687E-12  0.00000000E+00  0.00000000E+00
   18    2  0.13602687E-12  0.00000000E+00  0.00000000E+00
   18    2  0.13602687E-12  0.00000000E+00  0.00000000E+00
   18    2  0.13602687E-12  0.00000000E+00  0.00000000E+00
   19    2  0.90684581E-13  0.00000000E+00  0.30839528E-16
   19    2  0.90684581E-13  0.00000000E+00  0.30839528E-16
   19    2  0.90684581E-13  0.00000000E+00  0.30839528E-16
   19    2  0.90684581E-13  0.00000000E+00  0.30839528E-16
   20    2  0.22671145E-12  0.00000000E+00  0.00000000E+00
   20    2  0.22671145E-12  0.00000000E+00  0.00000000E+00
   20    2  0.22671145E-12  0.00000000E+00  0.00000000E+00
   20    2  0.22671145E-12  0.00000000E+00  0.00000000E+00
   21    2  0.18136916E-12  0.00000000E+00  0.00000000E+00
   21    2  0.18136916E-12  0.00000000E+00  0.00000000E+00
   21    2  0.18136916E-12  0.00000000E+00  0.00000000E+00
   21    2  0.18136916E-12  0.00000000E+00  0.00000000E+00
   22    1  0.00000000E+00  0.00000000E+00  0.00000000E+00
   22    1  0.00000000E+00  0.00000000E+00  0.00000000E+00
   22    1  0.00000000E+00  0.00000000E+00  0.00000000E+00
   22    1  0.00000000E+00  0.00000000E+00  0.00000000E+00
   23    1  0.00000000E+00  0.00000000E+00  0.00000000E+00
   23    1  0.00000000E+00  0.00000000E+00  0.00000000E+00
   23    1  0.00000000E+00  0.00000000E+00  0.00000000E+00
   23    1  0.00000000E+00  0.00000000E+00  0.00000000E+00
   24    2  0.45342290E-13  0.00000000E+00  0.00000000E+00
   24    2  0.45342290E-13  0.00000000E+00  0.00000000E+00
   24    2  0.45342290E-13  0.00000000E+00  0.00000000E+00
   24    2  0.45342290E-13  0.00000000E+00  0.00000000E+00
   25    2  0.45342290E-13  0.00000000E+00  0.00000000E+00
   25    2  0.45342290E-13  0.00000000E+00  0.00000000E+00
   25    2  0.45342290E-13  0.00000000E+00  0.00000000E+00
   25    2  0.45342290E-13  0.00000000E+00  0.00000000E+00
   26    2  0.90684581E-13  0.00000000E+00  0.00000000E+00
   26    2  0.90684581E-13  0.00000000E+00  0.00000000E+00
   26    2  0.90684581E-13  0.00000000E+00  0.00000000E+00
   26    2  0.90684581E-13  0.00000000E+00  0.00000000E+00
   27    2  0.45342290E-13  0.00000000E+00  0.00000000E+00
   27    2  0.45342290E-13  0.00000000E+00  0.00000000E+00
   27    2  0.45342290E-13  0.00000000E+00  0.00000000E+00
   27    2  0.45342290E-13  0.00000000E+00  0.00000000E+00
   28    2  0.00000000E+00  0.00000000E+00  0.00000000E+00
   28    2  0.00000000E+00  0.00000000E+00  0.00000000E+00
   28    2  0.00000000E+00  0.00000000E+00  0.00000000E+00
   28    2  0.00000000E+00  0.00000000E+00  0.00000000E+00
   29    1  0.00000000E+00  0.00000000E+00  0.00000000E+00
   29    1  0.00000000E+00  0.00000000E+00  0.00000000E+00
   29    1  0.00000000E+00  0.00000000E+00  0.00000000E+00
   29    1  0.00000000E+00  0.00000000E+00  0.00000000E+00
   30    2  0.45342290E-13  0.00000000E+00  0.00000000E+00
   30    2  0.45342290E-13  0.00000000E+00  0.00000000E+00
   30    2  0.45342290E-13  0.00000000E+00  0.00000000E+00
   30    2  0.45342290E-13  0.00000000E+00  0.00000000E+00
   31    2  0.45342290E-13  0.00000000E+00  0.00000000E+00
   31    2  0.45342290E-13  0.00000000E+00  0.00000000E+00
   31    2  0.45342290E-13  0.00000000E+00  0.00000000E+00
   31    2  0.45342290E-13  0.00000000E+00  0.00000000E+00
   32    1  0.00000000E+00  0.00000000E+00  0.00000000E+00
   32    1  0.00000000E+00  0.00000000E+00  0.00000000E+00
   32    1  0.00000000E+00  0.00000000E+00  0.00000000E+00
   32    1  0.00000000E+00  0.00000000E+00  0.00000000E+00
   33    2  0.90684581E-13  0.00000000E+00  0.00000000E+00
   33    2  0.90684581E-13  0.00000000E+00  0.00000000E+00
   33    2  0.90684581E-13  0.00000000E+00  0.00000000E+00
   33    2  0.90684581E-13  0.00000000E+00  0.00000000E+00
   34    2  0.45342290E-13  0.00000000E+00  0.15419764E-16
   34    2  0.45342290E-13  0.00000000E+00  0.15419764E-16
   34    2  0.45342290E-13  0.00000000E+00  0.15419764E-16
   34    2  0.45342290E-13  0.00000000E+00  0.15419764E-16
   35    2  0.90684581E-13  0.00000000E+00  0.30839528E-16
   35    2  0.90684581E-13  0.00000000E+00  0.30839528E-16
   35    2  0.90684581E-13  0.00000000E+00  0.30839528E-16
   35    2  0.90684581E-13  0.00000000E+00  0.30839528E-16
   36    2  0.22671145E-13  0.00000000E+00  0.00000000E+00
   36    2  0.22671145E-13  0.00000000E+00  0.00000000E+00
   36    2  0.22671145E-13  0.00000000E+00  0.00000000E+00
   36    2  0.22671145E-13  0.00000000E+00  0.00000000E+00
   37    1  0.00000000E+00  0.00000000E+00  0.00000000E+00
   37    1  0.00000000E+00  0.00000000E+00  0.00000000E+00
   37    1  0.00000000E+00  0.00000000E+00  0.00000000E+00
   37    1  0.00000000E+00  0.00000000E+00  0.00000000E+00
   38    1  0.00000000E+00  0.00000000E+00  0.00000000E+00
   38    1  0.00000000E+00  0.00000000E+00  0.00000000E+00
   38    1  0.00000000E+00  0.00000000E+00  0.00000000E+00
   38    1  0.00000000E+00  0.00000000E+00  0.00000000E+00
   39    2  0.45342290E-13  0.00000000E+00  0.00000000E+00
   39    2  0.45342290E-13  0.00000000E+00  0.00000000E+00
   39    2  0.45342290E-13  0.00000000E+00  0.00000000E+00
   39    2  0.45342290E-13  0.00000000E+00  0.00000000E+00
   40    2  0.13602687E-12  0.00000000E+00  0.46259293E-16
   40    2  0.13602687E-12  0.00000000E+00  0.46259293E-16
   40    2  0.13602687E-12  0.00000000E+00  0.46259293E-16
   40    2  0.13602687E-12  0.00000000E+00  0.46259293E-16
   41    2  0.22671145E-13  0.00000000E+00  0.77098821E-17
   41    2  0.22671145E-13  0.00000000E+00  0.77098821E-17
   41    2  0.22671145E-13  0.00000000E+00  0.77098821E-17
   41    2  0.22671145E-13  0.00000000E+00  0.77098821E-17
   42    1  0.00000000E+00  0.00000000E+00  0.00000000E+00
   42    1  0.00000000E+00  0.00000000E+00  0.00000000E+00
   42    1  0.00000000E+00  0.00000000E+00  0.00000000E+00
   42    1  0.00000000E+00  0.00000000E+00  0.00000000E+00
   43    2  0.45342290E-13  0.00000000E+00  0.00000000E+00
   43    2  0.45342290E-13  0.00000000E+00  0.00000000E+00
   43    2  0.45342290E-13  0.00000000E+00  0.00000000E+00
   43    2  0.45342290E-13  0.00000000E+00  0.00000000E+00
   44    2  0.45342290E-13  0.00000000E+00  0.00000000E+00
   44    2  0.45342290E-13  0.00000000E+00  0.00000000E+00
   44    2  0.45342290E-13  0.00000000E+00  0.00000000E+00
   44    2  0.45342290E-13  0.00000000E+00  0.00000000E+00
   45    1  0.00000000E+00  0.00000000E+00  0.00000000E+00
   45    1  0.00000000E+00  0.00000000E+00  0.00000000E+00
   45    1  0.00000000E+00  0.00000000E+00  0.00000000E+00
   45    1  0.00000000E+00  0.00000000E+00  0.00000000E+00
   46    2  0.45342290E-13  0.00000000E+00  0.15419764E-16
   46    2  0.45342290E-13  0.00000000E+00  0.15419764E-16
   46    2  0.45342290E-13  0.00000000E+00  0.15419764E-16
   46    2  0.45342290E-13  0.00000000E+00  0.15419764E-16
   47    2  0.68013436E-13  0.00000000E+00  0.77098821E-17
   47    2  0.68013436E-13  0.00000000E+00  0.77098821E-17
   47    2  0.68013436E-13  0.00000000E+00  0.77098821E-17
   47    2  0.68013436E-13  0.00000000E+00  0.77098821E-17
   48    2  0.22671145E-12  0.00000000E+00  0.23129646E-16
   48    2  0.22671145E-12  0.00000000E+00  0.23129646E-16
   48    2  0.22671145E-12  0.00000000E+00  0.23129646E-16
   48    2  0.22671145E-12  0.00000000E+00  0.23129646E-16
   49    2  0.22671145E-13  0.00000000E+00  0.00000000E+00
   49    2  0.22671145E-13  0.00000000E+00  0.00000000E+00
   49    2  0.22671145E-13  0.00000000E+00  0.00000000E+00
   49    2  0.22671145E-13  0.00000000E+00  0.00000000E+00
   50    2  0.90684581E-13  0.00000000E+00  0.30839528E-16
   50    2  0.90684581E-13  0.00000000E+00  0.30839528E-16
   50    2  0.90684581E-13  0.00000000E+00  0.30839528E-16
   50    2  0.90684581E-13  0.00000000E+00  0.30839528E-16
   51    2  0.18136916E-12  0.00000000E+00  0.00000000E+00
   51    2  0.18136916E-12  0.00000000E+00  0.00000000E+00
   51    2  0.18136916E-12  0.00000000E+00  0.00000000E+00
   51    2  0.18136916E-12  0.00000000E+00  0.00000000E+00
   52    2  0.90684581E-13  0.00000000E+00  0.15419764E-16
   52    2  0.90684581E-13  0.00000000E+00  0.15419764E-16
   52    2  0.90684581E-13  0.00000000E+00  0.15419764E-16
   52    2  0.90684581E-13  0.00000000E+00  0.15419764E-16
   53    2  0.22671145E-12  0.00000000E+00  0.15419764E-16
   53    2  0.22671145E-12  0.00000000E+00  0.15419764E-16
   53    2  0.22671145E-12  0.00000000E+00  0.15419764E-16
   53    2  0.22671145E-12  0.00000000E+00  0.15419764E-16
   54    2  0.18136916E-12  0.00000000E+00  0.30839528E-16
   54    2  0.18136916E-12  0.00000000E+00  0.30839528E-16
   54    2  0.18136916E-12  0.00000000E+00  0.30839528E-16
   54    2  0.18136916E-12  0.00000000E+00  0.30839528E-16
   55    1  0.00000000E+00  0.00000000E+00  0.00000000E+00
   55    1  0.00000000E+00  0.00000000E+00  0.00000000E+00
   55    1  0.00000000E+00  0.00000000E+00  0.00000000E+00
   55    1  0.00000000E+00  0.00000000E+00  0.00000000E+00
   56    1  0.00000000E+00  0.00000000E+00  0.00000000E+00
   56    1  0.00000000E+00  0.00000000E+00  0.00000000E+00
   56    1  0.00000000E+00  0.00000000E+00  0.00000000E+00
   56    1  0.00000000E+00  0.00000000E+00  0.00000000E+00
   57    2  0.90684581E-13  0.00000000E+00  0.00000000E+00
   57    2  0.90684581E-13  0.00000000E+00  0.00000000E+00
   57    2  0.90684581E-13  0.00000000E+00  0.00000000E+00
   57    2  0.90684581E-13  0.00000000E+00  0.00000000E+00
   58    1  0.00000000E+00  0.00000000E+00  0.00000000E+00
   58    1  0.00000000E+00  0.00000000E+00  0.00000000E+00
   58    1  0.00000000E+00  0.00000000E+00  0.00000000E+00
   58    1  0.00000000E+00  0.00000000E+00  0.00000000E+00
   59    2  0.45342290E-13  0.00000000E+00  0.15419764E-16
   59    2  0.45342290E-13  0.00000000E+00  0.15419764E-16
   59    2  0.45342290E-13  0.00000000E+00  0.15419764E-16
   59    2  0.45342290E-13  0.00000000E+00  0.15419764E-16
   60    2  0.56677863E-13  0.00000000E+00  0.19274705E-16
   60    2  0.56677863E-13  0.00000000E+00  0.19274705E-16
   60    2  0.56677863E-13  0.00000000E+00  0.19274705E-16
   60    2  0.56677863E-13  0.00000000E+00  0.19274705E-16
   61    1  0.00000000E+00  0.00000000E+00  0.00000000E+00
   61    1  0.00000000E+00  0.00000000E+00  0.00000000E+00
   61    1  0.00000000E+00  0.00000000E+00  0.00000000E+00
   61    1  0.00000000E+00  0.00000000E+00  0.00000000E+00
   62    1  0.00000000E+00  0.00000000E+00  0.00000000E+00
   62    1  0.00000000E+00  0.00000000E+00  0.00000000E+00
   62    1  0.00000000E+00  0.00000000E+00  0.00000000E+00
   62    1  0.00000000E+00  0.00000000E+00  0.00000000E+00
   63    2  0.11335573E-12  0.00000000E+00  0.38549411E-16
   63    2  0.11335573E-12  0.00000000E+00  0.38549411E-16
   63    2  0.11335573E-12  0.00000000E+00  0.38549411E-16
   63    2  0.11335573E-12  0.00000000E+00  0.38549411E-16
   64    1  0.00000000E+00  0.00000000E+00  0.00000000E+00
   64    1  0.00000000E+00  0.00000000E+00  0.00000000E+00
   64    1  0.00000000E+00  0.00000000E+00  0.00000000E+00
   64    1  0.00000000E+00  0.00000000E+00  0.00000000E+00
   65    2  0.00000000E+00  0.00000000E+00  0.00000000E+00
   65    2  0.00000000E+00  0.00000000E+00  0.00000000E+00
   65    2  0.00000000E+00  0.00000000E+00  0.00000000E+00
   65    2  0.00000000E+00  0.00000000E+00  0.00000000E+00
   66    1  0.00000000E+00  0.00000000E+00  0.00000000E+00
   66    1  0.00000000E+00  0.00000000E+00  0.00000000E+00
   66    1  0.00000000E+00  0.00000000E+00  0.00000000E+00
   66    1  0.00000000E+00  0.00000000E+00  0.00000000E+00
   67    1  0.00000000E+00  0.00000000E+00  0.00000000E+00
   67    1  0.00000000E+00  0.00000000E+00  0.00000000E+00
   67    1  0.00000000E+00  0.00000000E+00  0.00000000E+00
   67    1  0.00000000E+00  0.00000000E+00  0.00000000E+00
   68    2  0.79349008E-13  0.00000000E+00  0.00000000E+00
   68    2  0.79349008E-13  0.00000000E+00  0.00000000E+00
   68    2  0.79349008E-13  0.00000000E+00  0.00000000E+00
   68    2  0.79349008E-13  0.00000000E+00  0.00000000E+00
   69    2  0.13602687E-12  0.00000000E+00  0.00000000E+00
   69    2  0.13602687E-12  0.00000000E+00  0.00000000E+00
   69    2  0.13602687E-12  0.00000000E+00  0.00000000E+00
   69    2  0.13602687E-12  0.00000000E+00  0.00000000E+00
   70    2  0.22671145E-12  0.00000000E+00  0.17885783E+00
   70    2  0.22671145E-12  0.00000000E+00  0.17885783E+00
   70    2  0.22671145E-12  0.00000000E+00  0.17885783E+00
   70    2  0.22671145E-12  0.00000000E+00  0.17885783E+00
   71    2  0.45342290E-13  0.00000000E+00  0.17890356E+00
   71    2  0.45342290E-13  0.00000000E+00  0.17890356E+00
   71    2  0.45342290E-13  0.00000000E+00  0.17890356E+00
   71    2  0.45342290E-13  0.00000000E+00  0.17890356E+00
   72    1  0.00000000E+00  0.00000000E+00  0.24585116E+00
   72    1  0.00000000E+00  0.00000000E+00  0.24585116E+00
   72    1  0.00000000E+00  0.00000000E+00  0.24585116E+00
   72    1  0.00000000E+00  0.00000000E+00  0.24585116E+00
   73    2  0.45342290E-13  0.00000000E+00  0.24896112E+00
   73    2  0.45342290E-13  0.00000000E+00  0.24896112E+00
   73    2  0.45342290E-13  0.00000000E+00  0.24896112E+00
   73    2  0.45342290E-13  0.00000000E+00  0.24896112E+00
   74    1  0.00000000E+00  0.00000000E+00  0.25200225E+00
   74    1  0.00000000E+00  0.00000000E+00  0.25200225E+00
   74    1  0.00000000E+00  0.00000000E+00  0.25200225E+00
   74    1  0.00000000E+00  0.00000000E+00  0.25200225E+00
   75    1  0.00000000E+00  0.00000000E+00  0.25497575E+00
   75    1  0.00000000E+00  0.00000000E+00  0.25497575E+00
   75    1  0.00000000E+00  0.00000000E+00  0.25497575E+00
   75    1  0.00000000E+00  0.00000000E+00  0.25497575E+00
   76    1  0.00000000E+00  0.00000000E+00  0.25788287E+00
   76    1  0.00000000E+00  0.00000000E+00  0.25788287E+00
   76    1  0.00000000E+00  0.00000000E+00  0.25788287E+00
   76    1  0.00000000E+00  0.00000000E+00  0.25788287E+00
   77    1  0.00000000E+00  0.00000000E+00  0.26072483E+00
   77    1  0.00000000E+00  0.00000000E+00  0.26072483E+00
   77    1  0.00000000E+00  0.00000000E+00  0.26072483E+00
   77    1  0.00000000E+00  0.00000000E+00  0.26072483E+00
   78    2  0.15869802E-12  0.00000000E+00  0.26350289E+00
   78    2  0.15869802E-12  0.00000000E+00  0.26350289E+00
   78    2  0.15869802E-12  0.00000000E+00  0.26350289E+00
   78    2  0.15869802E-12  0.00000000E+00  0.26350289E+00
   79    2  0.45342290E-13  0.00000000E+00  0.26621828E+00
   79    2  0.45342290E-13  0.00000000E+00  0.26621828E+00
   79    2  0.45342290E-13  0.00000000E+00  0.26621828E+00
   79    2  0.45342290E-13  0.00000000E+00  0.26621828E+00
   80    1  0.00000000E+00  0.00000000E+00  0.26887228E+00
   80    1  0.00000000E+00  0.00000000E+00  0.26887228E+00
   80    1  0.00000000E+00  0.00000000E+00  0.26887228E+00
   80    1  0.00000000E+00  0.00000000E+00  0.26887228E+00
   81    2  0.11335573E-12  0.00000000E+00  0.27146612E+00
   81    2  0.11335573E-12  0.00000000E+00  0.27146612E+00
   81    2  0.11335573E-12  0.00000000E+00  0.27146612E+00
   81    2  0.11335573E-12  0.00000000E+00  0.27146612E+00
   82    2  0.45342290E-13  0.00000000E+00  0.27400106E+00
   82    2  0.45342290E-13  0.00000000E+00  0.27400106E+00
   82    2  0.45342290E-13  0.00000000E+00  0.27400106E+00
   82    2  0.45342290E-13  0.00000000E+00  0.27400106E+00
   83    1  0.00000000E+00  0.00000000E+00  0.27647835E+00
   83    1  0.00000000E+00  0.00000000E+00  0.27647835E+00
   83    1  0.00000000E+00  0.00000000E+00  0.27647835E+00
   83    1  0.00000000E+00  0.00000000E+00  0.27647835E+00
   84    1  0.00000000E+00  0.00000000E+00  0.27889921E+00
   84    1  0.00000000E+00  0.00000000E+00  0.27889921E+00
   84    1  0.00000000E+00  0.00000000E+00  0.27889921E+00
   84    1  0.00000000E+00  0.00000000E+00  0.27889921E+00
   85    1  0.00000000E+00  0.00000000E+00  0.28126489E+00
   85    1  0.00000000E+00  0.00000000E+00  0.28126489E+00
   85    1  0.00000000E+00  0.00000000E+00  0.28126489E+00
   85    1  0.00000000E+00  0.00000000E+00  0.28126489E+00
   86    1  0.00000000E+00  0.00000000E+00  0.28357659E+00
   86    1  0.00000000E+00  0.00000000E+00  0.28357659E+00
   86    1  0.00000000E+00  0.00000000E+00  0.28357659E+00
   86    1  0.00000000E+00  0.00000000E+00  0.28357659E+00
   87    2  0.00000000E+00  0.00000000E+00  0.28583553E+00
   87    2  0.00000000E+00  0.00000000E+00  0.28583553E+00
   87    2  0.00000000E+00  0.00000000E+00  0.28583553E+00
   87    2  0.00000000E+00  0.00000000E+00  0.28583553E+00
   88    2  0.00000000E+00  0.00000000E+00  0.28804289E+00
   88    2  0.00000000E+00  0.00000000E+00  0.28804289E+00
   88    2  0.00000000E+00  0.00000000E+00  0.28804289E+00
   88    2  0.00000000E+00  0.00000000E+00  0.28804289E+00
   89    1  0.00000000E+00  0.00000000E+00  0.29019985E+00
   89    1  0.00000000E+00  0.00000000E+00  0.29019985E+00
   89    1  0.00000000E+00  0.00000000E+00  0.29019985E+00
   89    1  0.00000000E+00  0.00000000E+00  0.29019985E+00
   90    1  0.00000000E+00  0.00000000E+00  0.29230758E+00
   90    1  0.00000000E+00  0.00000000E+00  0.29230758E+00
   90    1  0.00000000E+00  0.00000000E+00  0.29230758E+00
   90    1  0.00000000E+00  0.00000000E+00  0.29230758E+00
   91    2  0.27205374E-12  0.00000000E+00  0.29436721E+00
   91    2  0.27205374E-12  0.00000000E+00  0.29436721E+00
   91    2  0.27205374E-12  0.00000000E+00  0.29436721E+00
   91    2  0.27205374E-12  0.00000000E+00  0.29436721E+00
   92    1  0.00000000E+00  0.00000000E+00  0.29637989E+00
   92    1  0.00000000E+00  0.00000000E+00  0.29637989E+00
   92    1  0.00000000E+00  0.00000000E+00  0.29637989E+00
   92    1  0.00000000E+00  0.00000000E+00  0.29637989E+00
   93    1  0.00000000E+00  0.00000000E+00  0.29834672E+00
   93    1  0.00000000E+00  0.00000000E+00  0.29834672E+00
   93    1  0.00000000E+00  0.00000000E+00  0.29834672E+00
   93    1  0.00000000E+00  0.00000000E+00  0.29834672E+00
   94    1  0.00000000E+00  0.00000000E+00  0.30026878E+00
   94    1  0.00000000E+00  0.00000000E+00  0.30026878E+00
   94    1  0.00000000E+00  0.00000000E+00  0.30026878E+00
   94    1  0.00000000E+00  0.00000000E+00  0.30026878E+00
   95    1  0.00000000E+00  0.00000000E+00  0.30214716E+00
   95    1  0.00000000E+00  0.00000000E+00  0.30214716E+00
   95    1  0.00000000E+00  0.00000000E+00  0.30214716E+00
   95    1  0.00000000E+00  0.00000000E+00  0.30214716E+00
   96    2  0.22671145E-13  0.00000000E+00  0.27897451E+00
   96    2  0.22671145E-13  0.00000000E+00  0.27897451E+00
   96    2  0.22671145E-13  0.00000000E+00  0.27897451E+00
   96    2  0.22671145E-13  0.00000000E+00  0.27897451E+00
   97    2  0.22671145E-12  0.00000000E+00  0.00000000E+00
   97    2  0.22671145E-12  0.00000000E+00  0.00000000E+00
   97    2  0.22671145E-12  0.00000000E+00  0.00000000E+00
   97    2  0.22671145E-12  0.00000000E+00  0.00000000E+00
   98    1  0.00000000E+00  0.00000000E+00  0.00000000E+00
   98    1  0.00000000E+00  0.00000000E+00  0.00000000E+00
   98    1  0.00000000E+00  0.00000000E+00  0.00000000E+00
   98    1  0.00000000E+00  0.00000000E+00  0.00000000E+00
   99    1  0.00000000E+00  0.00000000E+00  0.00000000E+00
   99    1  0.00000000E+00  0.00000000E+00  0.00000000E+00
   99    1  0.00000000E+00  0.00000000E+00  0.00000000E+00
   99    1  0.00000000E+00  0.00000000E+00  0.00000000E+00
  100    2  0.18136916E-12  0.00000000E+00  0.38549411E-16
  100    2  0.18136916E-12  0.00000000E+00  0.38549411E-16
  100    2  0.18136916E-12  0.00000000E+00  0.38549411E-16
  100    2  0.18136916E-12  0.00000000E+00  0.38549411E-16
  101    2  0.34006718E-13  0.00000000E+00  0.00000000E+00
  101    2  0.34006718E-13  0.00000000E+00  0.00000000E+00
  101    2  0.34006718E-13  0.00000000E+00  0.00000000E+00
  101    2  0.34006718E-13  0.00000000E+00  0.00000000E+00
  102    2  0.11335573E-12  0.00000000E+00  0.38549411E-16
  102    2  0.11335573E-12  0.00000000E+00  0.38549411E-16
  102    2  0.11335573E-12  0.00000000E+00  0.38549411E-16
  102    2  0.11335573E-12  0.00000000E+00  0.38549411E-16
  103    2  0.00000000E+00  0.00000000E+00  0.00000000E+00
  103    2  0.00000000E+00  0.00000000E+00  0.00000000E+00
  103    2  0.00000000E+00  0.00000000E+00  0.00000000E+00
  103    2  0.00000000E+00  0.00000000E+00  0.00000000E+00
  104    2  0.32873161E-12  0.00000000E+00  0.11179329E-15
  104    2  0.32873161E-12  0.00000000E+00  0.11179329E-15
  104    2  0.32873161E-12  0.00000000E+00  0.11179329E-15
  104    2  0.32873161E-12  0.00000000E+00  0.11179329E-15
  105    2  0.18136916E-12  0.00000000E+00  0.24234110E+00
  105    2  0.18136916E-12  0.00000000E+00  0.24234110E+00
  105    2  0.18136916E-12  0.00000000E+00  0.24234110E+00
  105    2  0.18136916E-12  0.00000000E+00  0.24234110E+00
  106    2  0.45342290E-13  0.00000000E+00  0.24124381E+00
  106    2  0.45342290E-13  0.00000000E+00  0.24124381E+00
  106    2  0.45342290E-13  0.00000000E+00  0.24124381E+00
  106    2  0.45342290E-13  0.00000000E+00  0.24124381E+00
  107    2  0.13602687E-12  0.00000000E+00  0.24012323E+00
  107    2  0.13602687E-12  0.00000000E+00  0.24012323E+00
  107    2  0.13602687E-12  0.00000000E+00  0.24012323E+00
  107    2  0.13602687E-12  0.00000000E+00  0.24012323E+00
  108    1  0.00000000E+00  0.00000000E+00  0.23897879E+00
  108    1  0.00000000E+00  0.00000000E+00  0.23897879E+00
  108    1  0.00000000E+00  0.00000000E+00  0.23897879E+00
  108    1  0.00000000E+00  0.00000000E+00  0.23897879E+00
  109    2  0.45342290E-13  0.00000000E+00  0.23780994E+00
  109    2  0.45342290E-13  0.00000000E+00  0.23780994E+00
  109    2  0.45342290E-13  0.00000000E+00  0.23780994E+00
  109    2  0.45342290E-13  0.00000000E+00  0.23780994E+00
  110    1  0.00000000E+00  0.00000000E+00  0.23661611E+00
  110    1  0.00000000E+00  0.00000000E+00  0.23661611E+00
  110    1  0.00000000E+00  0.00000000E+00  0.23661611E+00
  110    1  0.00000000E+00  0.00000000E+00  0.23661611E+00
  111    1  0.00000000E+00  0.00000000E+00  0.23539670E+00
  111    1  0.00000000E+00  0.00000000E+00  0.23539670E+00
  111    1  0.00000000E+00  0.00000000E+00  0.23539670E+00
  111    1  0.00000000E+00  0.00000000E+00  0.23539670E+00
  112    2  0.90684581E-13  0.00000000E+00  0.23415112E+00
  112    2  0.90684581E-13  0.00000000E+00  0.23415112E+00
  112    2  0.90684581E-13  0.00000000E+00  0.23415112E+00
  112    2  0.90684581E-13  0.00000000E+00  0.23415112E+00
  113    2  0.12469130E-12  0.00000000E+00  0.23287876E+00
  113    2  0.12469130E-12  0.00000000E+00  0.23287876E+00
  113    2  0.12469130E-12  0.00000000E+00  0.23287876E+00
  113    2  0.12469130E-12  0.00000000E+00  0.23287876E+00
  114    2  0.45342290E-13  0.00000000E+00  0.23157900E+00
  114    2  0.45342290E-13  0.00000000E+00  0.23157900E+00
  114    2  0.45342290E-13  0.00000000E+00  0.23157900E+00
  114    2  0.45342290E-13  0.00000000E+00  0.23157900E+00
  115    2  0.45342290E-13  0.00000000E+00  0.23025120E+00
  115    2  0.45342290E-13  0.00000000E+00  0.23025120E+00
  115    2  0.45342290E-13  0.00000000E+00  0.23025120E+00
  115    2  0.45342290E-13  0.00000000E+00  0.23025120E+00
  116    2  0.90684581E-13  0.00000000E+00  0.22889472E+00
  116    2  0.90684581E-13  0.00000000E+00  0.22889472E+00
  116    2  0.90684581E-13  0.00000000E+00  0.22889472E+00
  116    2  0.90684581E-13  0.00000000E+00  0.22889472E+00
  117    1  0.00000000E+00  0.00000000E+00  0.22750891E+00
  117    1  0.00000000E+00  0.00000000E+00  0.22750891E+00
  117    1  0.00000000E+00  0.00000000E+00  0.22750891E+00
  117    1  0.00000000E+00  0.00000000E+00  0.22750891E+00
  118    2  0.79349008E-13  0.00000000E+00  0.22609309E+00
  118    2  0.79349008E-13  0.00000000E+00  0.22609309E+00
  118    2  0.79349008E-13  0.00000000E+00  0.22609309E+00
  118    2  0.79349008E-13  0.00000000E+00  0.22609309E+00
  119    2  0.68013436E-13  0.00000000E+00  0.22464659E+00
  119    2  0.68013436E-13  0.00000000E+00  0.22464659E+00
  119    2  0.68013436E-13  0.00000000E+00  0.22464659E+00
  119    2  0.68013436E-13  0.00000000E+00  0.22464659E+00
  120    2  0.22671145E-12  0.00000000E+00  0.22316873E+00
  120    2  0.22671145E-12  0.00000000E+00  0.22316873E+00
  120    2  0.22671145E-12  0.00000000E+00  0.22316873E+00
  120    2  0.22671145E-12  0.00000000E+00  0.22316873E+00
  121    1  0.00000000E+00  0.00000000E+00  0.22165880E+00
  121    1  0.00000000E+00  0.00000000E+00  0.22165880E+00
  121    1  0.00000000E+00  0.00000000E+00  0.22165880E+00
  121    1  0.00000000E+00  0.00000000E+00  0.22165880E+00
  122    2  0.14736244E-12  0.00000000E+00  0.11312861E+00
  122    2  0.14736244E-12  0.00000000E+00  0.11312861E+00
  122    2  0.14736244E-12  0.00000000E+00  0.11312861E+00
  122    2  0.14736244E-12  0.00000000E+00  0.11312861E+00
  123    1  0.00000000E+00  0.00000000E+00  0.11333939E+00
  123    1  0.00000000E+00  0.00000000E+00  0.11333939E+00
  123    1  0.00000000E+00  0.00000000E+00  0.11333939E+00
  123    1  0.00000000E+00  0.00000000E+00  0.11333939E+00
  124    1  0.00000000E+00  0.00000000E+00  0.11354834E+00
  124    1  0.00000000E+00  0.00000000E+00  0.11354834E+00
  124    1  0.00000000E+00  0.00000000E+00  0.11354834E+00
  124    1  0.00000000E+00  0.00000000E+00  0.11354834E+00
  125    1  0.00000000E+00  0.00000000E+00  0.11375549E+00
  125    1  0.00000000E+00  0.00000000E+00  0.11375549E+00
  125    1  0.00000000E+00  0.00000000E+00  0.11375549E+00
  125    1  0.00000000E+00  0.00000000E+00  0.11375549E+00
  126    2  0.22671145E-12  0.00000000E+00  0.11396085E+00
  126    2  0.22671145E-12  0.00000000E+00  0.11396085E+00
  126    2  0.22671145E-12  0.00000000E+00  0.11396085E+00
  126    2  0.22671145E-12  0.00000000E+00  0.11396085E+00
  127    2  0.22671145E-13  0.00000000E+00  0.11416443E+00
  127    2  0.22671145E-13  0.00000000E+00  0.11416443E+00
  127    2  0.22671145E-13  0.00000000E+00  0.11416443E+00
  127    2  0.22671145E-13  0.00000000E+00  0.11416443E+00
  128    2  0.22671145E-13  0.00000000E+00  0.11436626E+00
  128    2  0.22671145E-13  0.00000000E+00  0.11436626E+00
  128    2  0.22671145E-13  0.00000000E+00  0.11436626E+00
  128    2  0.22671145E-13  0.00000000E+00  0.11436626E+00
  129    2  0.00000000E+00  0.00000000E+00  0.11456635E+00
  129    2  0.00000000E+00  0.00000000E+00  0.11456635E+00
  129    2  0.00000000E+00  0.00000000E+00  0.11456635E+00
  129    2  0.00000000E+00  0.00000000E+00  0.11456635E+00
  130    2  0.90684581E-13  0.00000000E+00  0.11476472E+00
  130    2  0.90684581E-13  0.00000000E+00  0.11476472E+00
  130    2  0.90684581E-13  0.00000000E+00  0.11476472E+00
  130    2  0.90684581E-13  0.00000000E+00  0.11476472E+00
  131    1  0.00000000E+00  0.00000000E+00  0.11496138E+00
  131    1  0.00000000E+00  0.00000000E+00  0.11496138E+00
  131    1  0.00000000E+00  0.00000000E+00  0.11496138E+00
  131    1  0.00000000E+00  0.00000000E+00  0.11496138E+00
  132    1  0.00000000E+00  0.00000000E+00  0.21792705E-01
  132    1  0.00000000E+00  0.00000000E+00  0.21792705E-01
  132    1  0.00000000E+00  0.00000000E+00  0.21792705E-01
  132    1  0.00000000E+00  0.00000000E+00  0.21792705E-01
  133    2  0.18136916E-12  0.00000000E+00  0.22298475E-01
  133    2  0.18136916E-12  0.00000000E+00  0.22298475E-01
  133    2  0.18136916E-12  0.00000000E+00  0.22298475E-01
  133    2  0.18136916E-12  0.00000000E+00  0.22298475E-01
  134    2  0.90684581E-13  0.00000000E+00  0.22803393E-01
  134    2  0.90684581E-13  0.00000000E+00  0.22803393E-01
  134    2  0.90684581E-13  0.00000000E+00  0.22803393E-01
  134    2  0.90684581E-13  0.00000000E+00  0.22803393E-01
  135    2  0.19057931E-12  0.00000000E+00  0.23307441E-01
  135    2  0.19057931E-12  0.00000000E+00  0.23307441E-01
  135    2  0.19057931E-12  0.00000000E+00  0.23307441E-01
  135    2  0.19057931E-12  0.00000000E+00  0.23307441E-01
  136   12  0.30841486E-08  0.00000000E+00  0.90363108E-02
  136   12  0.30841486E-08  0.00000000E+00  0.90363108E-02
  136   12  0.30841486E-08  0.00000000E+00  0.90363108E-02
  136   12  0.30841486E-08  0.00000000E+00  0.90363108E-02
  137    2  0.30889435E-12  0.00000000E+00  0.91639835E-02
  137    2  0.30889435E-12  0.00000000E+00  0.91639835E-02
  137    2  0.30889435E-12  0.00000000E+00  0.91639835E-02
  137    2  0.30889435E-12  0.00000000E+00  0.91639835E-02
  138    2  0.32660619E-12  0.00000000E+00  0.15316974E-01
  138    2  0.32660619E-12  0.00000000E+00  0.15316974E-01
  138    2  0.32660619E-12  0.00000000E+00  0.15316974E-01
  138    2  0.32660619E-12  0.00000000E+00  0.15316974E-01
  139    2  0.29472489E-12  0.00000000E+00  0.15457263E-01
  139    2  0.29472489E-12  0.00000000E+00  0.15457263E-01
  139    2  0.29472489E-12  0.00000000E+00  0.15457263E-01
  139    2  0.29472489E-12  0.00000000E+00  0.15457263E-01
  140    2  0.40808061E-12  0.00000000E+00  0.21685073E-01
  140    2  0.40808061E-12  0.00000000E+00  0.21685073E-01
  140    2  0.40808061E-12  0.00000000E+00  0.21685073E-01
  140    2  0.40808061E-12  0.00000000E+00  0.21685073E-01
  141    2  0.10839641E-12  0.00000000E+00  0.11012251E+00
  141    2  0.10839641E-12  0.00000000E+00  0.11012251E+00
  141    2  0.10839641E-12  0.00000000E+00  0.11012251E+00
  141    2  0.10839641E-12  0.00000000E+00  0.11012251E+00
  142   18  0.26115346E-08  0.00000000E+00  0.20108458E+00
  142   18  0.26115346E-08  0.00000000E+00  0.20108458E+00
  142   18  0.26115346E-08  0.00000000E+00  0.20108458E+00
  142   18  0.26115346E-08  0.00000000E+00  0.20108458E+00
  143    2  0.26638596E-12  0.00000000E+00  0.19991934E+00
  143    2  0.26638596E-12  0.00000000E+00  0.19991934E+00
  143    2  0.26638596E-12  0.00000000E+00  0.19991934E+00
  143    2  0.26638596E-12  0.00000000E+00  0.19991934E+00
  144    2  0.68013436E-13  0.00000000E+00  0.19872893E+00
  144    2  0.68013436E-13  0.00000000E+00  0.19872893E+00
  144    2  0.68013436E-13  0.00000000E+00  0.19872893E+00
  144    2  0.68013436E-13  0.00000000E+00  0.19872893E+00
  145   13  0.17214597E-08  0.00000000E+00  0.19751276E+00
  145   13  0.17214597E-08  0.00000000E+00  0.19751276E+00
  145   13  0.17214597E-08  0.00000000E+00  0.19751276E+00
  145   13  0.17214597E-08  0.00000000E+00  0.19751276E+00
  146    2  0.28905710E-12  0.00000000E+00  0.19627026E+00
  146    2  0.28905710E-12  0.00000000E+00  0.19627026E+00
  146    2  0.28905710E-12  0.00000000E+00  0.19627026E+00
  146    2  0.28905710E-12  0.00000000E+00  0.19627026E+00
  147    1  0.00000000E+00  0.00000000E+00  0.19500082E+00
  147    1  0.00000000E+00  0.00000000E+00  0.19500082E+00
  147    1  0.00000000E+00  0.00000000E+00  0.19500082E+00
  147    1  0.00000000E+00  0.00000000E+00  0.19500082E+00
  148    2  0.90684581E-13  0.00000000E+00  0.19370385E+00
  148    2  0.90684581E-13  0.00000000E+00  0.19370385E+00
  148    2  0.90684581E-13  0.00000000E+00  0.19370385E+00
  148    2  0.90684581E-13  0.00000000E+00  0.19370385E+00
  149    1  0.00000000E+00  0.00000000E+00  0.19237874E+00
  149    1  0.00000000E+00  0.00000000E+00  0.19237874E+00
  149    1  0.00000000E+00  0.00000000E+00  0.19237874E+00
  149    1  0.00000000E+00  0.00000000E+00  0.19237874E+00
  150    2  0.72547665E-12  0.00000000E+00  0.19102486E+00
  150    2  0.72547665E-12  0.00000000E+00  0.19102486E+00
  150    2  0.72547665E-12  0.00000000E+00  0.19102486E+00
  150    2  0.72547665E-12  0.00000000E+00  0.19102486E+00
  151    2  0.36840611E-13  0.00000000E+00  0.18964159E+00
  151    2  0.36840611E-13  0.00000000E+00  0.18964159E+00
  151    2  0.36840611E-13  0.00000000E+00  0.18964159E+00
  151    2  0.36840611E-13  0.00000000E+00  0.18964159E+00
  152    1  0.00000000E+00  0.00000000E+00  0.18822830E+00
  152    1  0.00000000E+00  0.00000000E+00  0.18822830E+00
  152    1  0.00000000E+00  0.00000000E+00  0.18822830E+00
  152    1  0.00000000E+00  0.00000000E+00  0.18822830E+00
  153    2  0.14509533E-11  0.00000000E+00  0.18678434E+00
  153    2  0.14509533E-11  0.00000000E+00  0.18678434E+00
  153    2  0.14509533E-11  0.00000000E+00  0.18678434E+00
  153    2  0.14509533E-11  0.00000000E+00  0.18678434E+00
  154   12  0.75652478E-09  0.00000000E+00  0.18530906E+00
  154   12  0.75652478E-09  0.00000000E+00  0.18530906E+00
  154   12  0.75652478E-09  0.00000000E+00  0.18530906E+00
  154   12  0.75652478E-09  0.00000000E+00  0.18530906E+00
  155    2  0.45342290E-13  0.00000000E+00  0.45932534E+00
  155    2  0.45342290E-13  0.00000000E+00  0.45932534E+00
  155    2  0.45342290E-13  0.00000000E+00  0.45932534E+00
  155    2  0.45342290E-13  0.00000000E+00  0.45932534E+00
  156    2  0.21764299E-11  0.00000000E+00  0.75210514E+00
  156    2  0.21764299E-11  0.00000000E+00  0.75210514E+00
  156    2  0.21764299E-11  0.00000000E+00  0.75210514E+00
  156    2  0.21764299E-11  0.00000000E+00  0.75210514E+00
  157    2  0.21764299E-11  0.00000000E+00  0.10215540E+01
  157    2  0.21764299E-11  0.00000000E+00  0.10215540E+01
  157    2  0.21764299E-11  0.00000000E+00  0.10215540E+01
  157    2  0.21764299E-11  0.00000000E+00  0.10215540E+01
  158    2  0.45342290E-13  0.00000000E+00  0.12630994E+01
  158    2  0.45342290E-13  0.00000000E+00  0.12630994E+01
  158    2  0.45342290E-13  0.00000000E+00  0.12630994E+01
  158    2  0.45342290E-13  0.00000000E+00  0.12630994E+01
  159    2  0.22671145E-13  0.00000000E+00  0.14752000E+01
  159    2  0.22671145E-13  0.00000000E+00  0.14752000E+01
  159    2  0.22671145E-13  0.00000000E+00  0.14752000E+01
  159    2  0.22671145E-13  0.00000000E+00  0.14752000E+01
  160    2  0.50783365E-11  0.00000000E+00  0.14796989E+01
  160    2  0.50783365E-11  0.00000000E+00  0.14796989E+01
  160    2  0.50783365E-11  0.00000000E+00  0.14796989E+01
  160    2  0.50783365E-11  0.00000000E+00  0.14796989E+01
  161   10  0.20672457E-08  0.00000000E+00  0.97958898E+00
  161   10  0.20672457E-08  0.00000000E+00  0.97958898E+00
  161   10  0.20672457E-08  0.00000000E+00  0.97958898E+00
  161   10  0.20672457E-08  0.00000000E+00  0.97958898E+00
  162    7  0.59126347E-09  0.00000000E+00  0.14666319E+00
  162    7  0.59126347E-09  0.00000000E+00  0.14666319E+00
  162    7  0.59126347E-09  0.00000000E+00  0.14666319E+00
  162    7  0.59126347E-09  0.00000000E+00  0.14666319E+00
  163    2  0.21764299E-11  0.00000000E+00  0.14878467E+00
  163    2  0.21764299E-11  0.00000000E+00  0.14878467E+00
  163    2  0.21764299E-11  0.00000000E+00  0.14878467E+00
  163    2  0.21764299E-11  0.00000000E+00  0.14878467E+00
  164   18  0.84119017E-08  0.00000000E+00  0.82866236E+00
  164   18  0.84119017E-08  0.00000000E+00  0.82866236E+00
  164   18  0.84119017E-08  0.00000000E+00  0.82866236E+00
  164   18  0.84119017E-08  0.00000000E+00  0.82866236E+00
  165    2  0.25391683E-11  0.00000000E+00  0.17065819E+01
  165    2  0.25391683E-11  0.00000000E+00  0.17065819E+01
  165    2  0.25391683E-11  0.00000000E+00  0.17065819E+01
  165    2  0.25391683E-11  0.00000000E+00  0.17065819E+01
  166    9  0.31168290E-09  0.00000000E+00  0.17076328E+01
  166    9  0.31168290E-09  0.00000000E+00  0.17076328E+01
  166    9  0.31168290E-09  0.00000000E+00  0.17076328E+01
  166    9  0.31168290E-09  0.00000000E+00  0.17076328E+01
  167   10  0.55382887E-08  0.00000000E+00  0.17034803E+01
  167   10  0.55382887E-08  0.00000000E+00  0.17034803E+01
  167   10  0.55382887E-08  0.00000000E+00  0.17034803E+01
  167   10  0.55382887E-08  0.00000000E+00  0.17034803E+01
  168    2  0.18136916E-11  0.00000000E+00  0.10789542E+01
  168    2  0.18136916E-11  0.00000000E+00  0.10789542E+01
  168    2  0.18136916E-11  0.00000000E+00  0.10789542E+01
  168    2  0.18136916E-11  0.00000000E+00  0.10789542E+01
  169    2  0.72547665E-12  0.00000000E+00  0.51972937E+00
  169    2  0.72547665E-12  0.00000000E+00  0.51972937E+00
  169    2  0.72547665E-12  0.00000000E+00  0.51972937E+00
  169    2  0.72547665E-12  0.00000000E+00  0.51972937E+00
  170    2  0.21764299E-11  0.00000000E+00  0.46759316E+00
  170    2  0.21764299E-11  0.00000000E+00  0.46759316E+00
  170    2  0.21764299E-11  0.00000000E+00  0.46759316E+00
  170    2  0.21764299E-11  0.00000000E+00  0.46759316E+00
  171    2  0.10882150E-11  0.00000000E+00  0.39654666E+00
  171    2  0.10882150E-11  0.00000000E+00  0.39654666E+00
  171    2  0.10882150E-11  0.00000000E+00  0.39654666E+00
  171    2  0.10882150E-11  0.00000000E+00  0.39654666E+00
  172   10  0.28910244E-09  0.00000000E+00  0.16576170E+00
  172   10  0.28910244E-09  0.00000000E+00  0.16576170E+00
  172   10  0.28910244E-09  0.00000000E+00  0.16576170E+00
  172   10  0.28910244E-09  0.00000000E+00  0.16576170E+00
  173   10  0.61135917E-08  0.00000000E+00  0.92977837E+00
  173   10  0.61135917E-08  0.00000000E+00  0.92977837E+00
  173   10  0.61135917E-08  0.00000000E+00  0.92977837E+00
  173   10  0.61135917E-08  0.00000000E+00  0.92977837E+00
  174    2  0.21764299E-11  0.00000000E+00  0.89588942E+00
  174    2  0.21764299E-11  0.00000000E+00  0.89588942E+00
  174    2  0.21764299E-11  0.00000000E+00  0.89588942E+00
  174    2  0.21764299E-11  0.00000000E+00  0.89588942E+00
  175    2  0.10882150E-11  0.00000000E+00  0.85659866E+00
  175    2  0.10882150E-11  0.00000000E+00  0.85659866E+00
  175    2  0.10882150E-11  0.00000000E+00  0.85659866E+00
  175    2  0.10882150E-11  0.00000000E+00  0.85659866E+00
  176   14  0.13490238E-08  0.00000000E+00  0.82639334E+00
  176   14  0.13490238E-08  0.00000000E+00  0.82639334E+00
  176   14  0.13490238E-08  0.00000000E+00  0.82639334E+00
  176   14  0.13490238E-08  0.00000000E+00  0.82639334E+00
  177    2  0.54410749E-12  0.00000000E+00  0.81255602E+00
  177    2  0.54410749E-12  0.00000000E+00  0.81255602E+00
  177    2  0.54410749E-12  0.00000000E+00  0.81255602E+00
  177    2  0.54410749E-12  0.00000000E+00  0.81255602E+00
  178    2  0.18136916E-11  0.00000000E+00  0.79732183E+00
  178    2  0.18136916E-11  0.00000000E+00  0.79732183E+00
  178    2  0.18136916E-11  0.00000000E+00  0.79732183E+00
  178    2  0.18136916E-11  0.00000000E+00  0.79732183E+00
  179    2  0.18136916E-11  0.00000000E+00  0.15626821E+01
  179    2  0.18136916E-11  0.00000000E+00  0.15626821E+01
  179    2  0.18136916E-11  0.00000000E+00  0.15626821E+01
  179    2  0.18136916E-11  0.00000000E+00  0.15626821E+01
  180    2  0.21764299E-11  0.00000000E+00  0.20200760E+01
  180    2  0.21764299E-11  0.00000000E+00  0.20200760E+01
  180    2  0.21764299E-11  0.00000000E+00  0.20200760E+01
  180    2  0.21764299E-11  0.00000000E+00  0.20200760E+01
  181   17  0.58854293E-08  0.00000000E+00  0.17379488E+01
  181   17  0.58854293E-08  0.00000000E+00  0.17379488E+01
  181   17  0.58854293E-08  0.00000000E+00  0.17379488E+01
  181   17  0.58854293E-08  0.00000000E+00  0.17379488E+01
  182  559  0.98218656E-08  0.00000000E+00  0.18073444E+00
  182  559  0.98218656E-08  0.00000000E+00  0.18073444E+00
  182  559  0.98218656E-08  0.00000000E+00  0.18073444E+00
  182  559  0.98218656E-08  0.00000000E+00  0.18073444E+00
  183   17  0.61890299E-08  0.00000000E+00  0.18203931E+00
  183   17  0.61890299E-08  0.00000000E+00  0.18203931E+00
  183   17  0.61890299E-08  0.00000000E+00  0.18203931E+00
  183   17  0.61890299E-08  0.00000000E+00  0.18203931E+00
  184 1001  0.76066074E+01  0.00000000E+00  0.52989142E+00
  184 1001  0.76066074E+01  0.00000000E+00  0.52989142E+00
  184 1001  0.76066074E+01  0.00000000E+00  0.52989142E+00
  184 1001  0.76066074E+01  0.00000000E+00  0.52989142E+00
  185   20  0.44303045E-08  0.00000000E+00  0.10402187E+01
  185   20  0.44303045E-08  0.00000000E+00  0.10402187E+01
  185   20  0.44303045E-08  0.00000000E+00  0.10402187E+01
  185   20  0.44303045E-08  0.00000000E+00  0.10402187E+01
  186 1001  0.48153935E+01  0.00000000E+00  0.96795971E+00
  186 1001  0.48153935E+01  0.00000000E+00  0.96795971E+00
  186 1001  0.48153935E+01  0.00000000E+00  0.96795971E+00
  186 1001  0.48153935E+01  0.00000000E+00  0.96795971E+00
  187   35  0.51428133E-08  0.00000000E+00  0.92796711E+00
  187   35  0.51428133E-08  0.00000000E+00  0.92796711E+00
  187   35  0.51428133E-08  0.00000000E+00  0.92796711E+00
  187   35  0.51428133E-08  0.00000000E+00  0.92796711E+00
  188 1001  0.10808711E+02  0.00000000E+00  0.15360975E+01
  188 1001  0.10808711E+02  0.00000000E+00  0.15360975E+01
  188 1001  0.10808711E+02  0.00000000E+00  0.15360975E+01
  188 1001  0.10808711E+02  0.00000000E+00  0.15360975E+01
  189    2  0.54410749E-12  0.00000000E+00  0.59894134E+00
  189    2  0.54410749E-12  0.00000000E+00  0.59894134E+00
  189    2  0.54410749E-12  0.00000000E+00  0.59894134E+00
  189    2  0.54410749E-12  0.00000000E+00  0.59894134E+00
  190 1001  0.34484117E+00  0.00000000E+00  0.41992059E+00
  190 1001  0.34484117E+00  0.00000000E+00  0.41992059E+00
  190 1001  0.34484117E+00  0.00000000E+00  0.41992059E+00
  190 1001  0.34484117E+00  0.00000000E+00  0.41992059E+00
  191   21  0.29983043E-08  0.00000000E+00  0.43590490E+00
  191   21  0.29983043E-08  0.00000000E+00  0.43590490E+00
  191   21  0.29983043E-08  0.00000000E+00  0.43590490E+00
  191   21  0.29983043E-08  0.00000000E+00  0.43590490E+00
  192   19  0.48457306E-08  0.00000000E+00  0.49366634E+00
  192   19  0.48457306E-08  0.00000000E+00  0.49366634E+00
  192   19  0.48457306E-08  0.00000000E+00  0.49366634E+00
  192   19  0.48457306E-08  0.00000000E+00  0.49366634E+00
  193   20  0.79040681E-08  0.00000000E+00  0.74103826E+00
  193   20  0.79040681E-08  0.00000000E+00  0.74103826E+00
  193   20  0.79040681E-08  0.00000000E+00  0.74103826E+00
  193   20  0.79040681E-08  0.00000000E+00  0.74103826E+00
  194  860  0.71275360E-08  0.00000000E+00  0.48283567E+00
  194  860  0.71275360E-08  0.00000000E+00  0.48283567E+00
  194  860  0.71275360E-08  0.00000000E+00  0.48283567E+00
  194  860  0.71275360E-08  0.00000000E+00  0.48283567E+00
  195   15  0.27407601E-08  0.00000000E+00  0.12046948E+01
  195   15  0.27407601E-08  0.00000000E+00  0.12046948E+01
  195   15  0.27407601E-08  0.00000000E+00  0.12046948E+01
  195   15  0.27407601E-08  0.00000000E+00  0.12046948E+01
  196 1001  0.11153278E+02  0.00000000E+00  0.11599284E+01
  196 1001  0.11153278E+02  0.00000000E+00  0.11599284E+01
  196 1001  0.11153278E+02  0.00000000E+00  0.11599284E+01
  196 1001  0.11153278E+02  0.00000000E+00  0.11599284E+01
  197   28  0.50496802E-08  0.00000000E+00  0.11365224E+01
  197   28  0.50496802E-08  0.00000000E+00  0.11365224E+01
  197   28  0.50496802E-08  0.00000000E+00  0.11365224E+01
  197   28  0.50496802E-08  0.00000000E+00  0.11365224E+01
  198   62  0.92124652E-08  0.00000000E+00  0.11266359E+01
  198   62  0.92124652E-08  0.00000000E+00  0.11266359E+01
  198   62  0.92124652E-08  0.00000000E+00  0.11266359E+01
  198   62  0.92124652E-08  0.00000000E+00  0.11266359E+01
  199   21  0.50640424E-08  0.00000000E+00  0.11157586E+01
  199   21  0.50640424E-08  0.00000000E+00  0.11157586E+01
  199   21  0.50640424E-08  0.00000000E+00  0.11157586E+01
  199   21  0.50640424E-08  0.00000000E+00  0.11157586E+01
  200   21  0.85702370E-08  0.00000000E+00  0.24375779E+01
  200   21  0.85702370E-08  0.00000000E+00  0.24375779E+01
  200   21  0.85702370E-08  0.00000000E+00  0.24375779E+01
  200   21  0.85702370E-08  0.00000000E+00  0.24375779E+01
  201 1001  0.20287655E+02  0.00000000E+00  0.18997408E+01
  201 1001  0.20287655E+02  0.00000000E+00  0.18997408E+01
  201 1001  0.20287655E+02  0.00000000E+00  0.18997408E+01
  201 1001  0.20287655E+02  0.00000000E+00  0.18997408E+01
  202   66  0.80059069E-08  0.00000000E+00  0.15889245E+01
  202   66  0.80059069E-08  0.00000000E+00  0.15889245E+01
  202   66  0.80059069E-08  0.00000000E+00  0.15889245E+01
  202   66  0.80059069E-08  0.00000000E+00  0.15889245E+01
  203   19  0.72268356E-08  0.00000000E+00  0.15482235E+01
  203   19  0.72268356E-08  0.00000000E+00  0.15482235E+01
  203   19  0.72268356E-08  0.00000000E+00  0.15482235E+01
  203   19  0.72268356E-08  0.00000000E+00  0.15482235E+01
  204   16  0.83219426E-08  0.00000000E+00  0.15180530E+01
  204   16  0.83219426E-08  0.00000000E+00  0.15180530E+01
  204   16  0.83219426E-08  0.00000000E+00  0.15180530E+01
  204   16  0.83219426E-08  0.00000000E+00  0.15180530E+01
  205   37  0.93900256E-08  0.00000000E+00  0.14836124E+01
  205   37  0.93900256E-08  0.00000000E+00  0.14836124E+01
  205   37  0.93900256E-08  0.00000000E+00  0.14836124E+01
  205   37  0.93900256E-08  0.00000000E+00  0.14836124E+01
  206   33  0.93910231E-08  0.00000000E+00  0.15851614E+01
  206   33  0.93910231E-08  0.00000000E+00  0.15851614E+01
  206   33  0.93910231E-08  0.00000000E+00  0.15851614E+01
  206   33  0.93910231E-08  0.00000000E+00  0.15851614E+01
  207   22  0.62615889E-08  0.00000000E+00  0.16029367E+01
  207   22  0.62615889E-08  0.00000000E+00  0.16029367E+01
  207   22  0.62615889E-08  0.00000000E+00  0.16029367E+01
  207   22  0.62615889E-08  0.00000000E+00  0.16029367E+01
  208   28  0.67893165E-08  0.00000000E+00  0.15129113E+01
  208   28  0.67893165E-08  0.00000000E+00  0.15129113E+01
  208   28  0.67893165E-08  0.00000000E+00  0.15129113E+01
  208   28  0.67893165E-08  0.00000000E+00  0.15129113E+01
  209   39  0.71789542E-08  0.00000000E+00  0.20288738E+01
  209   39  0.71789542E-08  0.00000000E+00  0.20288738E+01
  209   39  0.71789542E-08  0.00000000E+00  0.20288738E+01
  209   39  0.71789542E-08  0.00000000E+00  0.20288738E+01
  210   16  0.50664739E-08  0.00000000E+00  0.18098235E+01
  210   16  0.50664739E-08  0.00000000E+00  0.18098235E+01
  210   16  0.50664739E-08  0.00000000E+00  0.18098235E+01
  210   16  0.50664739E-08  0.00000000E+00  0.18098235E+01
  211   18  0.57065313E-08  0.00000000E+00  0.15117565E+01
  211   18  0.57065313E-08  0.00000000E+00  0.15117565E+01
  211   18  0.57065313E-08  0.00000000E+00  0.15117565E+01
  211   18  0.57065313E-08  0.00000000E+00  0.15117565E+01
  212   16  0.80010416E-08  0.00000000E+00  0.99928935E+00
  212   16  0.80010416E-08  0.00000000E+00  0.99928935E+00
  212   16  0.80010416E-08  0.00000000E+00  0.99928935E+00
  212   16  0.80010416E-08  0.00000000E+00  0.99928935E+00
  213   19  0.74540232E-08  0.00000000E+00  0.83532004E+00
  213   19  0.74540232E-08  0.00000000E+00  0.83532004E+00
  213   19  0.74540232E-08  0.00000000E+00  0.83532004E+00
  213   19  0.74540232E-08  0.00000000E+00  0.83532004E+00
  214   26  0.70225459E-08  0.00000000E+00  0.78050981E+00
  214   26  0.70225459E-08  0.00000000E+00  0.78050981E+00
  214   26  0.70225459E-08  0.00000000E+00  0.78050981E+00
  214   26  0.70225459E-08  0.00000000E+00  0.78050981E+00
  215   23  0.78122953E-08  0.00000000E+00  0.23243013E+01
  215   23  0.78122953E-08  0.00000000E+00  0.23243013E+01
  215   23  0.78122953E-08  0.00000000E+00  0.23243013E+01
  215   23  0.78122953E-08  0.00000000E+00  0.23243013E+01
  216   19  0.50039638E-08  0.00000000E+00  0.22032577E+01
  216   19  0.50039638E-08  0.00000000E+00  0.22032577E+01
  216   19  0.50039638E-08  0.00000000E+00  0.22032577E+01
  216   19  0.50039638E-08  0.00000000E+00  0.22032577E+01
  217   16  0.35726749E-08  0.00000000E+00  0.20343987E+01
  217   16  0.35726749E-08  0.00000000E+00  0.20343987E+01
  217   16  0.35726749E-08  0.00000000E+00  0.20343987E+01
  217   16  0.35726749E-08  0.00000000E+00  0.20343987E+01
  218   52  0.75975542E-08  0.00000000E+00  0.75547280E+00
  218   52  0.75975542E-08  0.00000000E+00  0.75547280E+00
  218   52  0.75975542E-08  0.00000000E+00  0.75547280E+00
  218   52  0.75975542E-08  0.00000000E+00  0.75547280E+00
  219   71  0.82058664E-08  0.00000000E+00  0.14259082E+01
  219   71  0.82058664E-08  0.00000000E+00  0.14259082E+01
  219   71  0.82058664E-08  0.00000000E+00  0.14259082E+01
  219   71  0.82058664E-08  0.00000000E+00  0.14259082E+01
  220   19  0.23781578E-08  0.00000000E+00  0.82852907E+00
  220   19  0.23781578E-08  0.00000000E+00  0.82852907E+00
  220   19  0.23781578E-08  0.00000000E+00  0.82852907E+00
  220   19  0.23781578E-08  0.00000000E+00  0.82852907E+00
  221   73  0.81786610E-08  0.00000000E+00  0.84529923E+00
  221   73  0.81786610E-08  0.00000000E+00  0.84529923E+00
  221   73  0.81786610E-08  0.00000000E+00  0.84529923E+00
  221   73  0.81786610E-08  0.00000000E+00  0.84529923E+00
  222   23  0.85360716E-08  0.00000000E+00  0.86093496E+00
  222   23  0.85360716E-08  0.00000000E+00  0.86093496E+00
  222   23  0.85360716E-08  0.00000000E+00  0.86093496E+00
  222   23  0.85360716E-08  0.00000000E+00  0.86093496E+00
  223   41  0.77365652E-08  0.00000000E+00  0.87551801E+00
  223   41  0.77365652E-08  0.00000000E+00  0.87551801E+00
  223   41  0.77365652E-08  0.00000000E+00  0.87551801E+00
  223   41  0.77365652E-08  0.00000000E+00  0.87551801E+00
  224   40  0.64110371E-08  0.00000000E+00  0.88912526E+00
  224   40  0.64110371E-08  0.00000000E+00  0.88912526E+00
  224   40  0.64110371E-08  0.00000000E+00  0.88912526E+00
  224   40  0.64110371E-08  0.00000000E+00  0.88912526E+00
  225   20  0.54673734E-08  0.00000000E+00  0.90182862E+00
  225   20  0.54673734E-08  0.00000000E+00  0.90182862E+00
  225   20  0.54673734E-08  0.00000000E+00  0.90182862E+00
  225   20  0.54673734E-08  0.00000000E+00  0.90182862E+00
  226   25  0.44083588E-08  0.00000000E+00  0.68015086E+00
  226   25  0.44083588E-08  0.00000000E+00  0.68015086E+00
  226   25  0.44083588E-08  0.00000000E+00  0.68015086E+00
  226   25  0.44083588E-08  0.00000000E+00  0.68015086E+00
  227   38  0.56246204E-08  0.00000000E+00  0.79339916E+00
  227   38  0.56246204E-08  0.00000000E+00  0.79339916E+00
  227   38  0.56246204E-08  0.00000000E+00  0.79339916E+00
  227   38  0.56246204E-08  0.00000000E+00  0.79339916E+00
  228   21  0.32334948E-08  0.00000000E+00  0.14326659E+01
  228   21  0.32334948E-08  0.00000000E+00  0.14326659E+01
  228   21  0.32334948E-08  0.00000000E+00  0.14326659E+01
  228   21  0.32334948E-08  0.00000000E+00  0.14326659E+01
  229   63  0.91011499E-08  0.00000000E+00  0.17420431E+01
  229   63  0.91011499E-08  0.00000000E+00  0.17420431E+01
  229   63  0.91011499E-08  0.00000000E+00  0.17420431E+01
  229   63  0.91011499E-08  0.00000000E+00  0.17420431E+01
  230   11  0.61484146E-09  0.00000000E+00  0.17432148E+01
  230   11  0.61484146E-09  0.00000000E+00  0.17432148E+01
  230   11  0.61484146E-09  0.00000000E+00  0.17432148E+01
  230   11  0.61484146E-09  0.00000000E+00  0.17432148E+01
  231   40  0.59559819E-08  0.00000000E+00  0.17441054E+01
  231   40  0.59559819E-08  0.00000000E+00  0.17441054E+01
  231   40  0.59559819E-08  0.00000000E+00  0.17441054E+01
  231   40  0.59559819E-08  0.00000000E+00  0.17441054E+01
  232  101  0.90700904E-08  0.00000000E+00  0.17447981E+01
  232  101  0.90700904E-08  0.00000000E+00  0.17447981E+01
  232  101  0.90700904E-08  0.00000000E+00  0.17447981E+01
  232  101  0.90700904E-08  0.00000000E+00  0.17447981E+01
  233   81  0.86372529E-08  0.00000000E+00  0.15879822E+01
  233   81  0.86372529E-08  0.00000000E+00  0.15879822E+01
  233   81  0.86372529E-08  0.00000000E+00  0.15879822E+01
  233   81  0.86372529E-08  0.00000000E+00  0.15879822E+01
  234  144  0.89199168E-08  0.00000000E+00  0.15007475E+01
  234  144  0.89199168E-08  0.00000000E+00  0.15007475E+01
  234  144  0.89199168E-08  0.00000000E+00  0.15007475E+01
  234  144  0.89199168E-08  0.00000000E+00  0.15007475E+01
  235   23  0.89103042E-08  0.00000000E+00  0.15224411E+01
  235   23  0.89103042E-08  0.00000000E+00  0.15224411E+01
  235   23  0.89103042E-08  0.00000000E+00  0.15224411E+01
  235   23  0.89103042E-08  0.00000000E+00  0.15224411E+01
  236   60  0.72143212E-08  0.00000000E+00  0.15407825E+01
  236   60  0.72143212E-08  0.00000000E+00  0.15407825E+01
  236   60  0.72143212E-08  0.00000000E+00  0.15407825E+01
  236   60  0.72143212E-08  0.00000000E+00  0.15407825E+01
  237  191  0.90567598E-08  0.00000000E+00  0.15563990E+01
  237  191  0.90567598E-08  0.00000000E+00  0.15563990E+01
  237  191  0.90567598E-08  0.00000000E+00  0.15563990E+01
  237  191  0.90567598E-08  0.00000000E+00  0.15563990E+01
  238   30  0.95541647E-08  0.00000000E+00  0.15697844E+01
  238   30  0.95541647E-08  0.00000000E+00  0.15697844E+01
  238   30  0.95541647E-08  0.00000000E+00  0.15697844E+01
  238   30  0.95541647E-08  0.00000000E+00  0.15697844E+01
  239  123  0.82836737E-08  0.00000000E+00  0.15813301E+01
  239  123  0.82836737E-08  0.00000000E+00  0.15813301E+01
  239  123  0.82836737E-08  0.00000000E+00  0.15813301E+01
  239  123  0.82836737E-08  0.00000000E+00  0.15813301E+01
  240   32  0.78781323E-08  0.00000000E+00  0.15913482E+01
  240   32  0.78781323E-08  0.00000000E+00  0.15913482E+01
  240   32  0.78781323E-08  0.00000000E+00  0.15913482E+01
  240   32  0.78781323E-08  0.00000000E+00  0.15913482E+01
  241   38  0.94279318E-08  0.00000000E+00  0.16000893E+01
  241   38  0.94279318E-08  0.00000000E+00  0.16000893E+01
  241   38  0.94279318E-08  0.00000000E+00  0.16000893E+01
  241   38  0.94279318E-08  0.00000000E+00  0.16000893E+01
  242  107  0.83817038E-08  0.00000000E+00  0.12246637E+01
  242  107  0.83817038E-08  0.00000000E+00  0.12246637E+01
  242  107  0.83817038E-08  0.00000000E+00  0.12246637E+01
  242  107  0.83817038E-08  0.00000000E+00  0.12246637E+01
  243   48  0.54811574E-08  0.00000000E+00  0.12371704E+01
  243   48  0.54811574E-08  0.00000000E+00  0.12371704E+01
  243   48  0.54811574E-08  0.00000000E+00  0.12371704E+01
  243   48  0.54811574E-08  0.00000000E+00  0.12371704E+01
  244   29  0.60090182E-08  0.00000000E+00  0.15890404E+01
  244   29  0.60090182E-08  0.00000000E+00  0.15890404E+01
  244   29  0.60090182E-08  0.00000000E+00  0.15890404E+01
  244   29  0.60090182E-08  0.00000000E+00  0.15890404E+01
  245  152  0.96898742E-08  0.00000000E+00  0.13299352E+01
  245  152  0.96898742E-08  0.00000000E+00  0.13299352E+01
  245  152  0.96898742E-08  0.00000000E+00  0.13299352E+01
  245  152  0.96898742E-08  0.00000000E+00  0.13299352E+01
  246 1001  0.14516788E-07  0.00000000E+00  0.15626700E+01
  246 1001  0.14516788E-07  0.00000000E+00  0.15626700E+01
  246 1001  0.14516788E-07  0.00000000E+00  0.15626700E+01
  246 1001  0.14516788E-07  0.00000000E+00  0.15626700E+01
  247  271  0.96267124E-08  0.00000000E+00  0.15625704E+01
  247  271  0.96267124E-08  0.00000000E+00  0.15625704E+01
  247  271  0.96267124E-08  0.00000000E+00  0.15625704E+01
  247  271  0.96267124E-08  0.00000000E+00  0.15625704E+01
  248  286  0.93230097E-08  0.00000000E+00  0.15624528E+01
  248  286  0.93230097E-08  0.00000000E+00  0.15624528E+01
  248  286  0.93230097E-08  0.00000000E+00  0.15624528E+01
  248  286  0.93230097E-08  0.00000000E+00  0.15624528E+01
  249  521  0.97364861E-08  0.00000000E+00  0.15623124E+01
  249  521  0.97364861E-08  0.00000000E+00  0.15623124E+01
  249  521  0.97364861E-08  0.00000000E+00  0.15623124E+01
  249  521  0.97364861E-08  0.00000000E+00  0.15623124E+01
  250   35  0.87848647E-08  0.00000000E+00  0.15621430E+01
  250   35  0.87848647E-08  0.00000000E+00  0.15621430E+01
  250   35  0.87848647E-08  0.00000000E+00  0.15621430E+01
  250   35  0.87848647E-08  0.00000000E+00  0.15621430E+01
  251   66  0.80858226E-08  0.00000000E+00  0.15619361E+01
  251   66  0.80858226E-08  0.00000000E+00  0.15619361E+01
  251   66  0.80858226E-08  0.00000000E+00  0.15619361E+01
  251   66  0.80858226E-08  0.00000000E+00  0.15619361E+01
  252   36  0.81149324E-08  0.00000000E+00  0.15616797E+01
  252   36  0.81149324E-08  0.00000000E+00  0.15616797E+01
  252   36  0.81149324E-08  0.00000000E+00  0.15616797E+01
  252   36  0.81149324E-08  0.00000000E+00  0.15616797E+01
  253   49  0.80457727E-08  0.00000000E+00  0.15402839E+01
  253   49  0.80457727E-08  0.00000000E+00  0.15402839E+01
  253   49  0.80457727E-08  0.00000000E+00  0.15402839E+01
  253   49  0.80457727E-08  0.00000000E+00  0.15402839E+01
  254   81  0.99003304E-08  0.00000000E+00  0.14489814E+01
  254   81  0.99003304E-08  0.00000000E+00  0.14489814E+01
  254   81  0.99003304E-08  0.00000000E+00  0.14489814E+01
  254   81  0.99003304E-08  0.00000000E+00  0.14489814E+01
  255   75  0.88571404E-08  0.00000000E+00  0.14276679E+01
  255   75  0.88571404E-08  0.00000000E+00  0.14276679E+01
  255   75  0.88571404E-08  0.00000000E+00  0.14276679E+01
  255   75  0.88571404E-08  0.00000000E+00  0.14276679E+01
  256  150  0.94254720E-08  0.00000000E+00  0.14748396E+01
  256  150  0.94254720E-08  0.00000000E+00  0.14748396E+01
  256  150  0.94254720E-08  0.00000000E+00  0.14748396E+01
  256  150  0.94254720E-08  0.00000000E+00  0.14748396E+01
  257  224  0.91442888E-08  0.00000000E+00  0.17705485E+01
  257  224  0.91442888E-08  0.00000000E+00  0.17705485E+01
  257  224  0.91442888E-08  0.00000000E+00  0.17705485E+01
  257  224  0.91442888E-08  0.00000000E+00  0.17705485E+01
  258 1001  0.22998694E-06  0.00000000E+00  0.17492048E+01
  258 1001  0.22998694E-06  0.00000000E+00  0.17492048E+01
  258 1001  0.22998694E-06  0.00000000E+00  0.17492048E+01
  258 1001  0.22998694E-06  0.00000000E+00  0.17492048E+01
  259 1001  0.61556768E+00  0.00000000E+00  0.17246828E+01
  259 1001  0.61556768E+00  0.00000000E+00  0.17246828E+01
  259 1001  0.61556768E+00  0.00000000E+00  0.17246828E+01
  259 1001  0.61556768E+00  0.00000000E+00  0.17246828E+01
  260  726  0.99273247E-08  0.00000000E+00  0.16963784E+01
  260  726  0.99273247E-08  0.00000000E+00  0.16963784E+01
  260  726  0.99273247E-08  0.00000000E+00  0.16963784E+01
  260  726  0.99273247E-08  0.00000000E+00  0.16963784E+01
  261 1001  0.88746708E+00  0.00000000E+00  0.16635553E+01
  261 1001  0.88746708E+00  0.00000000E+00  0.16635553E+01
  261 1001  0.88746708E+00  0.00000000E+00  0.16635553E+01
  261 1001  0.88746708E+00  0.00000000E+00  0.16635553E+01
  262 1001  0.41717279E-03  0.00000000E+00  0.16570201E+01
  262 1001  0.41717279E-03  0.00000000E+00  0.16570201E+01
  262 1001  0.41717279E-03  0.00000000E+00  0.16570201E+01
  262 1001  0.41717279E-03  0.00000000E+00  0.16570201E+01
  263 1001  0.27623308E+00  0.00000000E+00  0.16096163E+01
  263 1001  0.27623308E+00  0.00000000E+00  0.16096163E+01
  263 1001  0.27623308E+00  0.00000000E+00  0.16096163E+01
  263 1001  0.27623308E+00  0.00000000E+00  0.16096163E+01
  264 1001  0.16680362E-02  0.00000000E+00  0.25279136E+01
  264 1001  0.16680362E-02  0.00000000E+00  0.25279136E+01
  264 1001  0.16680362E-02  0.00000000E+00  0.25279136E+01
  264 1001  0.16680362E-02  0.00000000E+00  0.25279136E+01
  265 1001  0.25068489E+00  0.00000000E+00  0.25100224E+01
  265 1001  0.25068489E+00  0.00000000E+00  0.25100224E+01
  265 1001  0.25068489E+00  0.00000000E+00  0.25100224E+01
  265 1001  0.25068489E+00  0.00000000E+00  0.25100224E+01
  266 1001  0.23648891E-02  0.00000000E+00  0.24879185E+01
  266 1001  0.23648891E-02  0.00000000E+00  0.24879185E+01
  266 1001  0.23648891E-02  0.00000000E+00  0.24879185E+01
  266 1001  0.23648891E-02  0.00000000E+00  0.24879185E+01
  267 1001  0.14738958E+00  0.00000000E+00  0.24602261E+01
  267 1001  0.14738958E+00  0.00000000E+00  0.24602261E+01
  267 1001  0.14738958E+00  0.00000000E+00  0.24602261E+01
  267 1001  0.14738958E+00  0.00000000E+00  0.24602261E+01
  268 1001  0.18144465E-02  0.00000000E+00  0.24249907E+01
  268 1001  0.18144465E-02  0.00000000E+00  0.24249907E+01
  268 1001  0.18144465E-02  0.00000000E+00  0.24249907E+01
  268 1001  0.18144465E-02  0.00000000E+00  0.24249907E+01
  269 1001  0.92582719E-01  0.00000000E+00  0.23793841E+01
  269 1001  0.92582719E-01  0.00000000E+00  0.23793841E+01
  269 1001  0.92582719E-01  0.00000000E+00  0.23793841E+01
  269 1001  0.92582719E-01  0.00000000E+00  0.23793841E+01
  270 1001  0.31367705E-05  0.00000000E+00  0.23192405E+01
  270 1001  0.31367705E-05  0.00000000E+00  0.23192405E+01
  270 1001  0.31367705E-05  0.00000000E+00  0.23192405E+01
  270 1001  0.31367705E-05  0.00000000E+00  0.23192405E+01
  271 1001  0.58560423E-01  0.00000000E+00  0.22383296E+01
  271 1001  0.58560423E-01  0.00000000E+00  0.22383296E+01
  271 1001  0.58560423E-01  0.00000000E+00  0.22383296E+01
  271 1001  0.58560423E-01  0.00000000E+00  0.22383296E+01
  272 1001  0.66192795E-03  0.00000000E+00  0.21272545E+01
  272 1001  0.66192795E-03  0.00000000E+00  0.21272545E+01
  272 1001  0.66192795E-03  0.00000000E+00  0.21272545E+01
  272 1001  0.66192795E-03  0.00000000E+00  0.21272545E+01
  273 1001  0.51680050E+02  0.00000000E+00  0.19719332E+01
  273 1001  0.51680050E+02  0.00000000E+00  0.19719332E+01
  273 1001  0.51680050E+02  0.00000000E+00  0.19719332E+01
  273 1001  0.51680050E+02  0.00000000E+00  0.19719332E+01
  274  437  0.95284556E-08  0.00000000E+00  0.17520723E+01
  274  437  0.95284556E-08  0.00000000E+00  0.17520723E+01
  274  437  0.95284556E-08  0.00000000E+00  0.17520723E+01
  274  437  0.95284556E-08  0.00000000E+00  0.17520723E+01
  275 1001  0.59423277E-02  0.00000000E+00  0.14415553E+01
  275 1001  0.59423277E-02  0.00000000E+00  0.14415553E+01
  275 1001  0.59423277E-02  0.00000000E+00  0.14415553E+01
  275 1001  0.59423277E-02  0.00000000E+00  0.14415553E+01
  276 1001  0.35804546E+01  0.00000000E+00  0.10159573E+01
  276 1001  0.35804546E+01  0.00000000E+00  0.10159573E+01
  276 1001  0.35804546E+01  0.00000000E+00  0.10159573E+01
  276 1001  0.35804546E+01  0.00000000E+00  0.10159573E+01
  277 1001  0.43627078E+01  0.00000000E+00  0.81775862E+00
  277 1001  0.43627078E+01  0.00000000E+00  0.81775862E+00
  277 1001  0.43627078E+01  0.00000000E+00  0.81775862E+00
  277 1001  0.43627078E+01  0.00000000E+00  0.81775862E+00
  278  411  0.98961589E-08  0.00000000E+00  0.78281273E+00
  278  411  0.98961589E-08  0.00000000E+00  0.78281273E+00
  278  411  0.98961589E-08  0.00000000E+00  0.78281273E+00
  278  411  0.98961589E-08  0.00000000E+00  0.78281273E+00
  279 1001  0.11252333E+02  0.00000000E+00  0.89877844E+00
  279 1001  0.11252333E+02  0.00000000E+00  0.89877844E+00
  279 1001  0.11252333E+02  0.00000000E+00  0.89877844E+00
  279 1001  0.11252333E+02  0.00000000E+00  0.89877844E+00
  280 1001  0.47151915E+01  0.00000000E+00  0.23338622E+01
  280 1001  0.47151915E+01  0.00000000E+00  0.23338622E+01
  280 1001  0.47151915E+01  0.00000000E+00  0.23338622E+01
  280 1001  0.47151915E+01  0.00000000E+00  0.23338622E+01
  281 1001  0.24026228E-02  0.00000000E+00  0.22150810E+01
  281 1001  0.24026228E-02  0.00000000E+00  0.22150810E+01
  281 1001  0.24026228E-02  0.00000000E+00  0.22150810E+01
  281 1001  0.24026228E-02  0.00000000E+00  0.22150810E+01
  282 1001  0.84316283E-01  0.00000000E+00  0.20521755E+01
  282 1001  0.84316283E-01  0.00000000E+00  0.20521755E+01
  282 1001  0.84316283E-01  0.00000000E+00  0.20521755E+01
  282 1001  0.84316283E-01  0.00000000E+00  0.20521755E+01
  283 1001  0.21237686E+02  0.00000000E+00  0.18092151E+01
  283 1001  0.21237686E+02  0.00000000E+00  0.18092151E+01
  283 1001  0.21237686E+02  0.00000000E+00  0.18092151E+01
  283 1001  0.21237686E+02  0.00000000E+00  0.18092151E+01
  284 1001  0.53321836E-01  0.00000000E+00  0.16317810E+01
  284 1001  0.53321836E-01  0.00000000E+00  0.16317810E+01
  284 1001  0.53321836E-01  0.00000000E+00  0.16317810E+01
  284 1001  0.53321836E-01  0.00000000E+00  0.16317810E+01
  285 1001  0.14277528E+00  0.00000000E+00  0.48281964E+00
  285 1001  0.14277528E+00  0.00000000E+00  0.48281964E+00
  285 1001  0.14277528E+00  0.00000000E+00  0.48281964E+00
  285 1001  0.14277528E+00  0.00000000E+00  0.48281964E+00
  286 1001  0.58797497E+00  0.00000000E+00  0.28407545E+00
  286 1001  0.58797497E+00  0.00000000E+00  0.28407545E+00
  286 1001  0.58797497E+00  0.00000000E+00  0.28407545E+00
  286 1001  0.58797497E+00  0.00000000E+00  0.28407545E+00
  287 1001  0.67809205E-03  0.00000000E+00  0.24830854E+00
  287 1001  0.67809205E-03  0.00000000E+00  0.24830854E+00
  287 1001  0.67809205E-03  0.00000000E+00  0.24830854E+00
  287 1001  0.67809205E-03  0.00000000E+00  0.24830854E+00
  288 1001  0.22558600E-01  0.00000000E+00  0.25379927E+00
  288 1001  0.22558600E-01  0.00000000E+00  0.25379927E+00
  288 1001  0.22558600E-01  0.00000000E+00  0.25379927E+00
  288 1001  0.22558600E-01  0.00000000E+00  0.25379927E+00
  289 1001  0.63606229E+01  0.00000000E+00  0.30877392E+00
  289 1001  0.63606229E+01  0.00000000E+00  0.30877392E+00
  289 1001  0.63606229E+01  0.00000000E+00  0.30877392E+00
  289 1001  0.63606229E+01  0.00000000E+00  0.30877392E+00
  290  239  0.96988771E-08  0.00000000E+00  0.30412603E+00
  290  239  0.96988771E-08  0.00000000E+00  0.30412603E+00
  290  239  0.96988771E-08  0.00000000E+00  0.30412603E+00
  290  239  0.96988771E-08  0.00000000E+00  0.30412603E+00
  291 1001  0.31170116E+01  0.00000000E+00  0.29926403E+00
  291 1001  0.31170116E+01  0.00000000E+00  0.29926403E+00
  291 1001  0.31170116E+01  0.00000000E+00  0.29926403E+00
  291 1001  0.31170116E+01  0.00000000E+00  0.29926403E+00
  292 1001  0.83026611E+01  0.00000000E+00  0.44253146E+00
  292 1001  0.83026611E+01  0.00000000E+00  0.44253146E+00
  292 1001  0.83026611E+01  0.00000000E+00  0.44253146E+00
  292 1001  0.83026611E+01  0.00000000E+00  0.44253146E+00
  293 1001  0.55680026E+01  0.00000000E+00  0.44832550E+00
  293 1001  0.55680026E+01  0.00000000E+00  0.44832550E+00
  293 1001  0.55680026E+01  0.00000000E+00  0.44832550E+00
  293 1001  0.55680026E+01  0.00000000E+00  0.44832550E+00
  294 1001  0.84821090E+00  0.00000000E+00  0.34770619E+00
  294 1001  0.84821090E+00  0.00000000E+00  0.34770619E+00
  294 1001  0.84821090E+00  0.00000000E+00  0.34770619E+00
  294 1001  0.84821090E+00  0.00000000E+00  0.34770619E+00
  295 1001  0.14910749E+02  0.00000000E+00  0.13761734E+01
  295 1001  0.14910749E+02  0.00000000E+00  0.13761734E+01
  295 1001  0.14910749E+02  0.00000000E+00  0.13761734E+01
  295 1001  0.14910749E+02  0.00000000E+00  0.13761734E+01
  296 1001  0.57162072E+01  0.00000000E+00  0.12882178E+01
  296 1001  0.57162072E+01  0.00000000E+00  0.12882178E+01
  296 1001  0.57162072E+01  0.00000000E+00  0.12882178E+01
  296 1001  0.57162072E+01  0.00000000E+00  0.12882178E+01
  297 1001  0.23432699E+02  0.00000000E+00  0.12880474E+01
  297 1001  0.23432699E+02  0.00000000E+00  0.12880474E+01
  297 1001  0.23432699E+02  0.00000000E+00  0.12880474E+01
  297 1001  0.23432699E+02  0.00000000E+00  0.12880474E+01
  298 1001  0.16864472E+00  0.00000000E+00  0.12878585E+01
  298 1001  0.16864472E+00  0.00000000E+00  0.12878585E+01
  298 1001  0.16864472E+00  0.00000000E+00  0.12878585E+01
  298 1001  0.16864472E+00  0.00000000E+00  0.12878585E+01
  299 1001  0.69781938E-01  0.00000000E+00  0.12876483E+01
  299 1001  0.69781938E-01  0.00000000E+00  0.12876483E+01
  299 1001  0.69781938E-01  0.00000000E+00  0.12876483E+01
  299 1001  0.69781938E-01  0.00000000E+00  0.12876483E+01
  300 1001  0.59817758E-01  0.00000000E+00  0.12874135E+01
  300 1001  0.59817758E-01  0.00000000E+00  0.12874135E+01
  300 1001  0.59817758E-01  0.00000000E+00  0.12874135E+01
  300 1001  0.59817758E-01  0.00000000E+00  0.12874135E+01
  301 1001  0.49541947E+00  0.00000000E+00  0.12871501E+01
  301 1001  0.49541947E+00  0.00000000E+00  0.12871501E+01
  301 1001  0.49541947E+00  0.00000000E+00  0.12871501E+01
  301 1001  0.49541947E+00  0.00000000E+00  0.12871501E+01
  302 1001  0.92956599E+01  0.00000000E+00  0.12868532E+01
  302 1001  0.92956599E+01  0.00000000E+00  0.12868532E+01
  302 1001  0.92956599E+01  0.00000000E+00  0.12868532E+01
  302 1001  0.92956599E+01  0.00000000E+00  0.12868532E+01
  303 1001  0.65123065E+01  0.00000000E+00  0.12865170E+01
  303 1001  0.65123065E+01  0.00000000E+00  0.12865170E+01
  303 1001  0.65123065E+01  0.00000000E+00  0.12865170E+01
  303 1001  0.65123065E+01  0.00000000E+00  0.12865170E+01
  304 1001  0.10083873E+00  0.00000000E+00  0.12861341E+01
  304 1001  0.10083873E+00  0.00000000E+00  0.12861341E+01
  304 1001  0.10083873E+00  0.00000000E+00  0.12861341E+01
  304 1001  0.10083873E+00  0.00000000E+00  0.12861341E+01
  305 1001  0.64300417E+00  0.00000000E+00  0.12856956E+01
  305 1001  0.64300417E+00  0.00000000E+00  0.12856956E+01
  305 1001  0.64300417E+00  0.00000000E+00  0.12856956E+01
  305 1001  0.64300417E+00  0.00000000E+00  0.12856956E+01
  306 1001  0.56432021E+01  0.00000000E+00  0.12851901E+01
  306 1001  0.56432021E+01  0.00000000E+00  0.12851901E+01
  306 1001  0.56432021E+01  0.00000000E+00  0.12851901E+01
  306 1001  0.56432021E+01  0.00000000E+00  0.12851901E+01
  307 1001  0.59220832E+01  0.00000000E+00  0.12846034E+01
  307 1001  0.59220832E+01  0.00000000E+00  0.12846034E+01
  307 1001  0.59220832E+01  0.00000000E+00  0.12846034E+01
  307 1001  0.59220832E+01  0.00000000E+00  0.12846034E+01
  308 1001  0.48891090E+00  0.00000000E+00  0.12839171E+01
  308 1001  0.48891090E+00  0.00000000E+00  0.12839171E+01
  308 1001  0.48891090E+00  0.00000000E+00  0.12839171E+01
  308 1001  0.48891090E+00  0.00000000E+00  0.12839171E+01
  309 1001  0.30389402E+00  0.00000000E+00  0.12831073E+01
  309 1001  0.30389402E+00  0.00000000E+00  0.12831073E+01
  309 1001  0.30389402E+00  0.00000000E+00  0.12831073E+01
  309 1001  0.30389402E+00  0.00000000E+00  0.12831073E+01
  310 1001  0.20807631E+01  0.00000000E+00  0.12821427E+01
  310 1001  0.20807631E+01  0.00000000E+00  0.12821427E+01
  310 1001  0.20807631E+01  0.00000000E+00  0.12821427E+01
  310 1001  0.20807631E+01  0.00000000E+00  0.12821427E+01
  311 1001  0.21388206E+01  0.00000000E+00  0.12809814E+01
  311 1001  0.21388206E+01  0.00000000E+00  0.12809814E+01
  311 1001  0.21388206E+01  0.00000000E+00  0.12809814E+01
  311 1001  0.21388206E+01  0.00000000E+00  0.12809814E+01
  312 1001  0.11489081E+02  0.00000000E+00  0.12795661E+01
  312 1001  0.11489081E+02  0.00000000E+00  0.12795661E+01
  312 1001  0.11489081E+02  0.00000000E+00  0.12795661E+01
  312 1001  0.11489081E+02  0.00000000E+00  0.12795661E+01
  313 1001  0.34069238E+01  0.00000000E+00  0.12778176E+01
  313 1001  0.34069238E+01  0.00000000E+00  0.12778176E+01
  313 1001  0.34069238E+01  0.00000000E+00  0.12778176E+01
  313 1001  0.34069238E+01  0.00000000E+00  0.12778176E+01
  314 1001  0.85113160E+00  0.00000000E+00  0.12756231E+01
  314 1001  0.85113160E+00  0.00000000E+00  0.12756231E+01
  314 1001  0.85113160E+00  0.00000000E+00  0.12756231E+01
  314 1001  0.85113160E+00  0.00000000E+00  0.12756231E+01
  315 1001  0.57392500E+01  0.00000000E+00  0.12728181E+01
  315 1001  0.57392500E+01  0.00000000E+00  0.12728181E+01
  315 1001  0.57392500E+01  0.00000000E+00  0.12728181E+01
  315 1001  0.57392500E+01  0.00000000E+00  0.12728181E+01
  316 1001  0.36771367E+01  0.00000000E+00  0.12691557E+01
  316 1001  0.36771367E+01  0.00000000E+00  0.12691557E+01
  316 1001  0.36771367E+01  0.00000000E+00  0.12691557E+01
  316 1001  0.36771367E+01  0.00000000E+00  0.12691557E+01
  317 1001  0.54095928E+01  0.00000000E+00  0.12642515E+01
  317 1001  0.54095928E+01  0.00000000E+00  0.12642515E+01
  317 1001  0.54095928E+01  0.00000000E+00  0.12642515E+01
  317 1001  0.54095928E+01  0.00000000E+00  0.12642515E+01
  318 1001  0.22097993E+01  0.00000000E+00  0.12574827E+01
  318 1001  0.22097993E+01  0.00000000E+00  0.12574827E+01
  318 1001  0.22097993E+01  0.00000000E+00  0.12574827E+01
  318 1001  0.22097993E+01  0.00000000E+00  0.12574827E+01
  319 1001  0.54157228E+01  0.00000000E+00  0.12477893E+01
  319 1001  0.54157228E+01  0.00000000E+00  0.12477893E+01
  319 1001  0.54157228E+01  0.00000000E+00  0.12477893E+01
  319 1001  0.54157228E+01  0.00000000E+00  0.12477893E+01
  320 1001  0.17001380E-02  0.00000000E+00  0.12332588E+01
  320 1001  0.17001380E-02  0.00000000E+00  0.12332588E+01
  320 1001  0.17001380E-02  0.00000000E+00  0.12332588E+01
  320 1001  0.17001380E-02  0.00000000E+00  0.12332588E+01
  321 1001  0.77800154E+00  0.00000000E+00  0.12101873E+01
  321 1001  0.77800154E+00  0.00000000E+00  0.12101873E+01
  321 1001  0.77800154E+00  0.00000000E+00  0.12101873E+01
  321 1001  0.77800154E+00  0.00000000E+00  0.12101873E+01
  322 1001  0.61297695E+00  0.00000000E+00  0.11707682E+01
  322 1001  0.61297695E+00  0.00000000E+00  0.11707682E+01
  322 1001  0.61297695E+00  0.00000000E+00  0.11707682E+01
  322 1001  0.61297695E+00  0.00000000E+00  0.11707682E+01
  323 1001  0.60610039E+00  0.00000000E+00  0.10968933E+01
  323 1001  0.60610039E+00  0.00000000E+00  0.10968933E+01
  323 1001  0.60610039E+00  0.00000000E+00  0.10968933E+01
  323 1001  0.60610039E+00  0.00000000E+00  0.10968933E+01
  324 1001  0.53448929E+00  0.00000000E+00  0.94302555E+00
  324 1001  0.53448929E+00  0.00000000E+00  0.94302555E+00
  324 1001  0.53448929E+00  0.00000000E+00  0.94302555E+00
  324 1001  0.53448929E+00  0.00000000E+00  0.94302555E+00
  325 1001  0.75453222E+00  0.00000000E+00  0.67623633E+00
  325 1001  0.75453222E+00  0.00000000E+00  0.67623633E+00
  325 1001  0.75453222E+00  0.00000000E+00  0.67623633E+00
  325 1001  0.75453222E+00  0.00000000E+00  0.67623633E+00
  326 1001  0.22332126E+00  0.00000000E+00  0.67144382E+00
  326 1001  0.22332126E+00  0.00000000E+00  0.67144382E+00
  326 1001  0.22332126E+00  0.00000000E+00  0.67144382E+00
  326 1001  0.22332126E+00  0.00000000E+00  0.67144382E+00
  327 1001  0.70801500E+00  0.00000000E+00  0.81570806E+00
  327 1001  0.70801500E+00  0.00000000E+00  0.81570806E+00
  327 1001  0.70801500E+00  0.00000000E+00  0.81570806E+00
  327 1001  0.70801500E+00  0.00000000E+00  0.81570806E+00
  328 1001  0.24801077E+00  0.00000000E+00  0.87768013E+00
  328 1001  0.24801077E+00  0.00000000E+00  0.87768013E+00
  328 1001  0.24801077E+00  0.00000000E+00  0.87768013E+00
  328 1001  0.24801077E+00  0.00000000E+00  0.87768013E+00
  329 1001  0.11825016E+01  0.00000000E+00  0.82912321E+00
  329 1001  0.11825016E+01  0.00000000E+00  0.82912321E+00
  329 1001  0.11825016E+01  0.00000000E+00  0.82912321E+00
  329 1001  0.11825016E+01  0.00000000E+00  0.82912321E+00
  330 1001  0.18124728E+01  0.00000000E+00  0.81754873E+00
  330 1001  0.18124728E+01  0.00000000E+00  0.81754873E+00
  330 1001  0.18124728E+01  0.00000000E+00  0.81754873E+00
  330 1001  0.18124728E+01  0.00000000E+00  0.81754873E+00
  331 1001  0.26417593E+00  0.00000000E+00  0.80819719E+00
  331 1001  0.26417593E+00  0.00000000E+00  0.80819719E+00
  331 1001  0.26417593E+00  0.00000000E+00  0.80819719E+00
  331 1001  0.26417593E+00  0.00000000E+00  0.80819719E+00
  332 1001  0.30781960E+00  0.00000000E+00  0.79671490E+00
  332 1001  0.30781960E+00  0.00000000E+00  0.79671490E+00
  332 1001  0.30781960E+00  0.00000000E+00  0.79671490E+00
  332 1001  0.30781960E+00  0.00000000E+00  0.79671490E+00
  333 1001  0.89595999E-01  0.00000000E+00  0.78401492E+00
  333 1001  0.89595999E-01  0.00000000E+00  0.78401492E+00
  333 1001  0.89595999E-01  0.00000000E+00  0.78401492E+00
  333 1001  0.89595999E-01  0.00000000E+00  0.78401492E+00
  334  160  0.98873422E-08  0.00000000E+00  0.77066459E+00
  334  160  0.98873422E-08  0.00000000E+00  0.77066459E+00
  334  160  0.98873422E-08  0.00000000E+00  0.77066459E+00
  334  160  0.98873422E-08  0.00000000E+00  0.77066459E+00
  335 1001  0.35624116E+00  0.00000000E+00  0.75647340E+00
  335 1001  0.35624116E+00  0.00000000E+00  0.75647340E+00
  335 1001  0.35624116E+00  0.00000000E+00  0.75647340E+00
  335 1001  0.35624116E+00  0.00000000E+00  0.75647340E+00
  336 1001  0.44527094E+00  0.00000000E+00  0.29068845E+00
  336 1001  0.44527094E+00  0.00000000E+00  0.29068845E+00
  336 1001  0.44527094E+00  0.00000000E+00  0.29068845E+00
  336 1001  0.44527094E+00  0.00000000E+00  0.29068845E+00
  337 1001  0.32072186E+00  0.00000000E+00  0.31785393E+00
  337 1001  0.32072186E+00  0.00000000E+00  0.31785393E+00
  337 1001  0.32072186E+00  0.00000000E+00  0.31785393E+00
  337 1001  0.32072186E+00  0.00000000E+00  0.31785393E+00
  338 1001  0.11262822E+01  0.00000000E+00  0.36495988E+00
  338 1001  0.11262822E+01  0.00000000E+00  0.36495988E+00
  338 1001  0.11262822E+01  0.00000000E+00  0.36495988E+00
  338 1001  0.11262822E+01  0.00000000E+00  0.36495988E+00
  339 1001  0.39278656E-01  0.00000000E+00  0.32504673E+00
  339 1001  0.39278656E-01  0.00000000E+00  0.32504673E+00
  339 1001  0.39278656E-01  0.00000000E+00  0.32504673E+00
  339 1001  0.39278656E-01  0.00000000E+00  0.32504673E+00
  340 1001  0.18816693E+01  0.00000000E+00  0.13110487E+00
  340 1001  0.18816693E+01  0.00000000E+00  0.13110487E+00
  340 1001  0.18816693E+01  0.00000000E+00  0.13110487E+00
  340 1001  0.18816693E+01  0.00000000E+00  0.13110487E+00
  341 1001  0.54948489E+00  0.00000000E+00  0.16170578E+00
  341 1001  0.54948489E+00  0.00000000E+00  0.16170578E+00
  341 1001  0.54948489E+00  0.00000000E+00  0.16170578E+00
  341 1001  0.54948489E+00  0.00000000E+00  0.16170578E+00
  342 1001  0.22779702E+00  0.00000000E+00  0.20316737E+00
  342 1001  0.22779702E+00  0.00000000E+00  0.20316737E+00
  342 1001  0.22779702E+00  0.00000000E+00  0.20316737E+00
  342 1001  0.22779702E+00  0.00000000E+00  0.20316737E+00
  343 1001  0.45385111E+00  0.00000000E+00  0.21772350E+00
  343 1001  0.45385111E+00  0.00000000E+00  0.21772350E+00
  343 1001  0.45385111E+00  0.00000000E+00  0.21772350E+00
  343 1001  0.45385111E+00  0.00000000E+00  0.21772350E+00
  344 1001  0.25547551E+01  0.00000000E+00  0.23677523E+00
  344 1001  0.25547551E+01  0.00000000E+00  0.23677523E+00
  344 1001  0.25547551E+01  0.00000000E+00  0.23677523E+00
  344 1001  0.25547551E+01  0.00000000E+00  0.23677523E+00
  345 1001  0.16691037E+01  0.00000000E+00  0.25922919E+00
  345 1001  0.16691037E+01  0.00000000E+00  0.25922919E+00
  345 1001  0.16691037E+01  0.00000000E+00  0.25922919E+00
  345 1001  0.16691037E+01  0.00000000E+00  0.25922919E+00
  346 1001  0.30983608E+01  0.00000000E+00  0.11605111E+01
  346 1001  0.30983608E+01  0.00000000E+00  0.11605111E+01
  346 1001  0.30983608E+01  0.00000000E+00  0.11605111E+01
  346 1001  0.30983608E+01  0.00000000E+00  0.11605111E+01
  347 1001  0.15961902E+01  0.00000000E+00  0.78250147E+00
  347 1001  0.15961902E+01  0.00000000E+00  0.78250147E+00
  347 1001  0.15961902E+01  0.00000000E+00  0.78250147E+00
  347 1001  0.15961902E+01  0.00000000E+00  0.78250147E+00
  348 1001  0.40589057E+01  0.00000000E+00  0.52143723E+00
  348 1001  0.40589057E+01  0.00000000E+00  0.52143723E+00
  348 1001  0.40589057E+01  0.00000000E+00  0.52143723E+00
  348 1001  0.40589057E+01  0.00000000E+00  0.52143723E+00
  349 1001  0.83797494E+00  0.00000000E+00  0.82382434E+00
  349 1001  0.83797494E+00  0.00000000E+00  0.82382434E+00
  349 1001  0.83797494E+00  0.00000000E+00  0.82382434E+00
  349 1001  0.83797494E+00  0.00000000E+00  0.82382434E+00
  350 1001  0.25630182E+01  0.00000000E+00  0.82074230E+00
  350 1001  0.25630182E+01  0.00000000E+00  0.82074230E+00
  350 1001  0.25630182E+01  0.00000000E+00  0.82074230E+00
  350 1001  0.25630182E+01  0.00000000E+00  0.82074230E+00
  351 1001  0.64093805E+00  0.00000000E+00  0.81708273E+00
  351 1001  0.64093805E+00  0.00000000E+00  0.81708273E+00
  351 1001  0.64093805E+00  0.00000000E+00  0.81708273E+00
  351 1001  0.64093805E+00  0.00000000E+00  0.81708273E+00
  352 1001  0.31231118E+00  0.00000000E+00  0.81269553E+00
  352 1001  0.31231118E+00  0.00000000E+00  0.81269553E+00
  352 1001  0.31231118E+00  0.00000000E+00  0.81269553E+00
  352 1001  0.31231118E+00  0.00000000E+00  0.81269553E+00
srun: Job step aborted: Waiting up to 32 seconds for job step to finish.
slurmstepd: error: *** STEP 1328783.0 ON muse051 CANCELLED AT 2020-04-06T16:18:31 ***
slurmstepd: error: *** JOB 1328783 ON muse051 CANCELLED AT 2020-04-06T16:18:31 ***
